TN:
SF:.eslintrc.js
FNF:0
FNH:0
DA:1,0
LF:1
LH:0
BRF:0
BRH:0
end_of_record
TN:
SF:app.js
FN:20,(anonymous_0)
FN:28,(anonymous_1)
FN:60,(anonymous_2)
FNF:3
FNH:0
FNDA:0,(anonymous_0)
FNDA:0,(anonymous_1)
FNDA:0,(anonymous_2)
DA:1,0
DA:2,0
DA:3,0
DA:4,0
DA:5,0
DA:20,0
DA:21,0
DA:22,0
DA:25,0
DA:28,0
DA:29,0
DA:30,0
DA:31,0
DA:35,0
DA:36,0
DA:37,0
DA:38,0
DA:39,0
DA:40,0
DA:41,0
DA:42,0
DA:43,0
DA:44,0
DA:45,0
DA:46,0
DA:47,0
DA:48,0
DA:49,0
DA:50,0
DA:51,0
DA:52,0
DA:53,0
DA:54,0
DA:55,0
DA:57,0
DA:60,0
DA:63,0
LF:37
LH:0
BRDA:22,0,0,0
BRDA:22,0,1,0
BRDA:24,1,0,0
BRDA:24,1,1,0
BRDA:30,2,0,0
BRDA:30,2,1,0
BRF:6
BRH:0
end_of_record
TN:
SF:buttons\createTeamButtons.js
FN:3,(anonymous_0)
FN:7,(anonymous_1)
FN:25,(anonymous_2)
FN:29,(anonymous_3)
FN:47,(anonymous_4)
FN:51,(anonymous_5)
FN:69,(anonymous_6)
FN:73,(anonymous_7)
FNF:8
FNH:6
FNDA:23,(anonymous_0)
FNDA:87,(anonymous_1)
FNDA:1,(anonymous_2)
FNDA:2,(anonymous_3)
FNDA:1,(anonymous_4)
FNDA:2,(anonymous_5)
FNDA:0,(anonymous_6)
FNDA:0,(anonymous_7)
DA:1,1
DA:3,1
DA:4,23
DA:5,23
DA:7,23
DA:8,87
DA:11,87
DA:18,23
DA:19,23
DA:20,52
DA:22,23
DA:25,1
DA:26,1
DA:27,1
DA:29,1
DA:30,2
DA:33,2
DA:40,1
DA:41,1
DA:42,1
DA:44,1
DA:47,1
DA:48,1
DA:49,1
DA:51,1
DA:52,2
DA:55,2
DA:62,1
DA:63,1
DA:64,1
DA:66,1
DA:69,1
DA:70,0
DA:71,0
DA:73,0
DA:74,0
DA:77,0
DA:84,0
DA:85,0
DA:86,0
DA:88,0
DA:91,1
LF:42
LH:33
BRDA:5,0,0,23
BRDA:5,0,1,2
BRDA:8,1,0,84
BRDA:8,1,1,3
BRDA:27,2,0,1
BRDA:27,2,1,0
BRDA:30,3,0,2
BRDA:30,3,1,0
BRDA:49,4,0,1
BRDA:49,4,1,0
BRDA:52,5,0,2
BRDA:52,5,1,0
BRDA:71,6,0,0
BRDA:71,6,1,0
BRDA:74,7,0,0
BRDA:74,7,1,0
BRF:16
BRH:8
end_of_record
TN:
SF:buttons\reshuffle_callback.js
FN:9,(anonymous_0)
FN:10,(anonymous_1)
FN:92,(anonymous_2)
FN:93,(anonymous_3)
FN:121,(anonymous_4)
FNF:5
FNH:0
FNDA:0,(anonymous_0)
FNDA:0,(anonymous_1)
FNDA:0,(anonymous_2)
FNDA:0,(anonymous_3)
FNDA:0,(anonymous_4)
DA:1,0
DA:2,0
DA:3,0
DA:4,0
DA:5,0
DA:6,0
DA:9,0
DA:10,0
DA:12,0
DA:13,0
DA:14,0
DA:16,0
DA:17,0
DA:18,0
DA:21,0
DA:22,0
DA:23,0
DA:26,0
DA:27,0
DA:28,0
DA:31,0
DA:32,0
DA:36,0
DA:40,0
DA:41,0
DA:45,0
DA:49,0
DA:50,0
DA:54,0
DA:57,0
DA:58,0
DA:61,0
DA:62,0
DA:63,0
DA:67,0
DA:70,0
DA:72,0
DA:73,0
DA:77,0
DA:80,0
DA:81,0
DA:85,0
DA:89,0
DA:92,0
DA:93,0
DA:94,0
DA:97,0
DA:99,0
DA:100,0
DA:102,0
DA:105,0
DA:107,0
DA:109,0
DA:110,0
DA:111,0
DA:112,0
DA:114,0
DA:122,0
DA:123,0
DA:124,0
DA:125,0
DA:127,0
DA:130,0
DA:131,0
DA:134,0
DA:135,0
DA:137,0
DA:142,0
DA:143,0
DA:147,0
DA:148,0
LF:71
LH:0
BRDA:12,0,0,0
BRDA:12,0,1,0
BRDA:12,1,0,0
BRDA:12,1,1,0
BRDA:16,2,0,0
BRDA:16,2,1,0
BRDA:16,3,0,0
BRDA:16,3,1,0
BRDA:26,4,0,0
BRDA:26,4,1,0
BRDA:31,5,0,0
BRDA:31,5,1,0
BRDA:40,6,0,0
BRDA:40,6,1,0
BRDA:49,7,0,0
BRDA:49,7,1,0
BRDA:61,8,0,0
BRDA:61,8,1,0
BRDA:72,9,0,0
BRDA:72,9,1,0
BRDA:80,10,0,0
BRDA:80,10,1,0
BRDA:110,11,0,0
BRDA:110,11,1,0
BRDA:125,12,0,0
BRDA:125,12,1,0
BRDA:134,13,0,0
BRDA:134,13,1,0
BRDA:147,14,0,0
BRDA:147,14,1,0
BRF:30
BRH:0
end_of_record
TN:
SF:buttons\select_teams_callback.js
FN:9,(anonymous_0)
FN:11,(anonymous_1)
FN:28,(anonymous_2)
FN:129,(anonymous_3)
FN:237,(anonymous_4)
FN:293,(anonymous_5)
FN:315,(anonymous_6)
FN:387,(anonymous_7)
FN:387,(anonymous_8)
FN:396,(anonymous_9)
FN:396,(anonymous_10)
FN:417,(anonymous_11)
FN:491,(anonymous_12)
FN:526,(anonymous_13)
FN:585,(anonymous_14)
FN:585,(anonymous_15)
FN:594,(anonymous_16)
FN:594,(anonymous_17)
FN:615,(anonymous_18)
FNF:19
FNH:0
FNDA:0,(anonymous_0)
FNDA:0,(anonymous_1)
FNDA:0,(anonymous_2)
FNDA:0,(anonymous_3)
FNDA:0,(anonymous_4)
FNDA:0,(anonymous_5)
FNDA:0,(anonymous_6)
FNDA:0,(anonymous_7)
FNDA:0,(anonymous_8)
FNDA:0,(anonymous_9)
FNDA:0,(anonymous_10)
FNDA:0,(anonymous_11)
FNDA:0,(anonymous_12)
FNDA:0,(anonymous_13)
FNDA:0,(anonymous_14)
FNDA:0,(anonymous_15)
FNDA:0,(anonymous_16)
FNDA:0,(anonymous_17)
FNDA:0,(anonymous_18)
DA:1,0
DA:2,0
DA:3,0
DA:4,0
DA:5,0
DA:6,0
DA:7,0
DA:9,0
DA:11,0
DA:13,0
DA:14,0
DA:15,0
DA:18,0
DA:19,0
DA:24,0
DA:28,0
DA:30,0
DA:31,0
DA:32,0
DA:34,0
DA:35,0
DA:36,0
DA:39,0
DA:40,0
DA:41,0
DA:42,0
DA:45,0
DA:46,0
DA:47,0
DA:51,0
DA:52,0
DA:53,0
DA:56,0
DA:57,0
DA:58,0
DA:62,0
DA:66,0
DA:67,0
DA:68,0
DA:73,0
DA:77,0
DA:78,0
DA:79,0
DA:83,0
DA:87,0
DA:88,0
DA:89,0
DA:93,0
DA:97,0
DA:98,0
DA:100,0
DA:101,0
DA:102,0
DA:111,0
DA:113,0
DA:115,0
DA:125,0
DA:129,0
DA:131,0
DA:132,0
DA:133,0
DA:135,0
DA:136,0
DA:137,0
DA:141,0
DA:142,0
DA:143,0
DA:146,0
DA:147,0
DA:148,0
DA:151,0
DA:152,0
DA:153,0
DA:157,0
DA:158,0
DA:159,0
DA:162,0
DA:163,0
DA:164,0
DA:168,0
DA:169,0
DA:171,0
DA:174,0
DA:175,0
DA:176,0
DA:180,0
DA:181,0
DA:183,0
DA:186,0
DA:187,0
DA:190,0
DA:191,0
DA:192,0
DA:193,0
DA:194,0
DA:204,0
DA:206,0
DA:208,0
DA:209,0
DA:211,0
DA:212,0
DA:224,0
DA:232,0
DA:237,0
DA:239,0
DA:240,0
DA:241,0
DA:243,0
DA:244,0
DA:245,0
DA:248,0
DA:251,0
DA:252,0
DA:253,0
DA:256,0
DA:257,0
DA:258,0
DA:262,0
DA:263,0
DA:265,0
DA:268,0
DA:269,0
DA:273,0
DA:274,0
DA:278,0
DA:279,0
DA:280,0
DA:281,0
DA:282,0
DA:293,0
DA:295,0
DA:296,0
DA:297,0
DA:299,0
DA:300,0
DA:301,0
DA:305,0
DA:306,0
DA:307,0
DA:310,0
DA:311,0
DA:314,0
DA:315,0
DA:322,0
DA:325,0
DA:326,0
DA:327,0
DA:328,0
DA:329,0
DA:330,0
DA:331,0
DA:333,0
DA:334,0
DA:335,0
DA:339,0
DA:342,0
DA:343,0
DA:344,0
DA:348,0
DA:351,0
DA:352,0
DA:353,0
DA:357,0
DA:360,0
DA:361,0
DA:362,0
DA:366,0
DA:369,0
DA:370,0
DA:371,0
DA:375,0
DA:378,0
DA:379,0
DA:380,0
DA:384,0
DA:387,0
DA:392,0
DA:393,0
DA:395,0
DA:396,0
DA:405,0
DA:406,0
DA:408,0
DA:409,0
DA:410,0
DA:413,0
DA:416,0
DA:417,0
DA:418,0
DA:420,0
DA:429,0
DA:430,0
DA:443,0
DA:444,0
DA:447,0
DA:453,0
DA:454,0
DA:457,0
DA:459,0
DA:461,0
DA:476,0
DA:478,0
DA:479,0
DA:485,0
DA:486,0
DA:487,0
DA:491,0
DA:493,0
DA:494,0
DA:495,0
DA:497,0
DA:498,0
DA:499,0
DA:503,0
DA:504,0
DA:505,0
DA:508,0
DA:509,0
DA:510,0
DA:511,0
DA:512,0
DA:513,0
DA:514,0
DA:517,0
DA:518,0
DA:519,0
DA:521,0
DA:522,0
DA:525,0
DA:526,0
DA:531,0
DA:532,0
DA:533,0
DA:537,0
DA:540,0
DA:541,0
DA:542,0
DA:546,0
DA:549,0
DA:550,0
DA:551,0
DA:555,0
DA:558,0
DA:559,0
DA:560,0
DA:564,0
DA:567,0
DA:568,0
DA:569,0
DA:573,0
DA:576,0
DA:577,0
DA:578,0
DA:582,0
DA:585,0
DA:590,0
DA:591,0
DA:593,0
DA:594,0
DA:603,0
DA:604,0
DA:606,0
DA:607,0
DA:608,0
DA:611,0
DA:614,0
DA:615,0
DA:616,0
DA:618,0
DA:627,0
DA:628,0
DA:641,0
DA:642,0
DA:645,0
DA:651,0
DA:652,0
DA:655,0
DA:657,0
DA:659,0
DA:674,0
DA:676,0
DA:677,0
DA:683,0
DA:684,0
DA:685,0
LF:285
LH:0
BRDA:13,0,0,0
BRDA:13,0,1,0
BRDA:13,1,0,0
BRDA:13,1,1,0
BRDA:30,2,0,0
BRDA:30,2,1,0
BRDA:30,3,0,0
BRDA:30,3,1,0
BRDA:34,4,0,0
BRDA:34,4,1,0
BRDA:34,5,0,0
BRDA:34,5,1,0
BRDA:45,6,0,0
BRDA:45,6,1,0
BRDA:51,7,0,0
BRDA:51,7,1,0
BRDA:56,8,0,0
BRDA:56,8,1,0
BRDA:66,9,0,0
BRDA:66,9,1,0
BRDA:77,10,0,0
BRDA:77,10,1,0
BRDA:87,11,0,0
BRDA:87,11,1,0
BRDA:87,12,0,0
BRDA:87,12,1,0
BRDA:101,13,0,0
BRDA:101,13,1,0
BRDA:131,14,0,0
BRDA:131,14,1,0
BRDA:131,15,0,0
BRDA:131,15,1,0
BRDA:135,16,0,0
BRDA:135,16,1,0
BRDA:135,17,0,0
BRDA:135,17,1,0
BRDA:141,18,0,0
BRDA:141,18,1,0
BRDA:141,19,0,0
BRDA:141,19,1,0
BRDA:151,20,0,0
BRDA:151,20,1,0
BRDA:157,21,0,0
BRDA:157,21,1,0
BRDA:162,22,0,0
BRDA:162,22,1,0
BRDA:168,23,0,0
BRDA:168,23,1,0
BRDA:174,24,0,0
BRDA:174,24,1,0
BRDA:180,25,0,0
BRDA:180,25,1,0
BRDA:187,26,0,0
BRDA:187,26,1,0
BRDA:192,27,0,0
BRDA:192,27,1,0
BRDA:193,28,0,0
BRDA:193,28,1,0
BRDA:208,29,0,0
BRDA:208,29,1,0
BRDA:239,30,0,0
BRDA:239,30,1,0
BRDA:239,31,0,0
BRDA:239,31,1,0
BRDA:243,32,0,0
BRDA:243,32,1,0
BRDA:243,33,0,0
BRDA:243,33,1,0
BRDA:251,34,0,0
BRDA:251,34,1,0
BRDA:256,35,0,0
BRDA:256,35,1,0
BRDA:262,36,0,0
BRDA:262,36,1,0
BRDA:273,37,0,0
BRDA:273,37,1,0
BRDA:279,38,0,0
BRDA:279,38,1,0
BRDA:281,39,0,0
BRDA:281,39,1,0
BRDA:281,40,0,0
BRDA:281,40,1,0
BRDA:295,41,0,0
BRDA:295,41,1,0
BRDA:295,42,0,0
BRDA:295,42,1,0
BRDA:299,43,0,0
BRDA:299,43,1,0
BRDA:299,44,0,0
BRDA:299,44,1,0
BRDA:305,45,0,0
BRDA:305,45,1,0
BRDA:305,46,0,0
BRDA:305,46,1,0
BRDA:333,47,0,0
BRDA:333,47,1,0
BRDA:342,48,0,0
BRDA:342,48,1,0
BRDA:351,49,0,0
BRDA:351,49,1,0
BRDA:351,50,0,0
BRDA:351,50,1,0
BRDA:360,51,0,0
BRDA:360,51,1,0
BRDA:369,52,0,0
BRDA:369,52,1,0
BRDA:378,53,0,0
BRDA:378,53,1,0
BRDA:378,54,0,0
BRDA:378,54,1,0
BRDA:395,55,0,0
BRDA:395,55,1,0
BRDA:416,56,0,0
BRDA:416,56,1,0
BRDA:416,57,0,0
BRDA:416,57,1,0
BRDA:416,57,2,0
BRDA:417,58,0,0
BRDA:417,58,1,0
BRDA:418,59,0,0
BRDA:418,59,1,0
BRDA:443,60,0,0
BRDA:443,60,1,0
BRDA:444,61,0,0
BRDA:444,61,1,0
BRDA:493,62,0,0
BRDA:493,62,1,0
BRDA:493,63,0,0
BRDA:493,63,1,0
BRDA:497,64,0,0
BRDA:497,64,1,0
BRDA:497,65,0,0
BRDA:497,65,1,0
BRDA:503,66,0,0
BRDA:503,66,1,0
BRDA:503,67,0,0
BRDA:503,67,1,0
BRDA:517,68,0,0
BRDA:517,68,1,0
BRDA:531,69,0,0
BRDA:531,69,1,0
BRDA:540,70,0,0
BRDA:540,70,1,0
BRDA:549,71,0,0
BRDA:549,71,1,0
BRDA:549,72,0,0
BRDA:549,72,1,0
BRDA:558,73,0,0
BRDA:558,73,1,0
BRDA:567,74,0,0
BRDA:567,74,1,0
BRDA:576,75,0,0
BRDA:576,75,1,0
BRDA:576,76,0,0
BRDA:576,76,1,0
BRDA:593,77,0,0
BRDA:593,77,1,0
BRDA:614,78,0,0
BRDA:614,78,1,0
BRDA:614,79,0,0
BRDA:614,79,1,0
BRDA:614,79,2,0
BRDA:615,80,0,0
BRDA:615,80,1,0
BRDA:616,81,0,0
BRDA:616,81,1,0
BRDA:641,82,0,0
BRDA:641,82,1,0
BRDA:642,83,0,0
BRDA:642,83,1,0
BRF:170
BRH:0
end_of_record
TN:
SF:commands\change.js
FN:8,(anonymous_0)
FN:10,(anonymous_1)
FN:46,(anonymous_2)
FN:63,(anonymous_3)
FN:69,(anonymous_4)
FN:130,(anonymous_5)
FN:188,(anonymous_6)
FN:193,(anonymous_7)
FN:235,(anonymous_8)
FN:324,(anonymous_9)
FN:380,(anonymous_10)
FN:422,(anonymous_11)
FN:525,(anonymous_12)
FN:585,(anonymous_13)
FN:627,(anonymous_14)
FN:670,(anonymous_15)
FN:680,(anonymous_16)
FNF:17
FNH:0
FNDA:0,(anonymous_0)
FNDA:0,(anonymous_1)
FNDA:0,(anonymous_2)
FNDA:0,(anonymous_3)
FNDA:0,(anonymous_4)
FNDA:0,(anonymous_5)
FNDA:0,(anonymous_6)
FNDA:0,(anonymous_7)
FNDA:0,(anonymous_8)
FNDA:0,(anonymous_9)
FNDA:0,(anonymous_10)
FNDA:0,(anonymous_11)
FNDA:0,(anonymous_12)
FNDA:0,(anonymous_13)
FNDA:0,(anonymous_14)
FNDA:0,(anonymous_15)
FNDA:0,(anonymous_16)
DA:1,0
DA:2,0
DA:3,0
DA:4,0
DA:5,0
DA:6,0
DA:8,0
DA:10,0
DA:12,0
DA:13,0
DA:14,0
DA:17,0
DA:20,0
DA:21,0
DA:22,0
DA:23,0
DA:25,0
DA:29,0
DA:31,0
DA:34,0
DA:37,0
DA:39,0
DA:42,0
DA:46,0
DA:49,0
DA:50,0
DA:51,0
DA:54,0
DA:58,0
DA:59,0
DA:63,0
DA:64,0
DA:67,0
DA:68,0
DA:69,0
DA:70,0
DA:71,0
DA:85,0
DA:86,0
DA:87,0
DA:88,0
DA:89,0
DA:91,0
DA:92,0
DA:93,0
DA:97,0
DA:101,0
DA:102,0
DA:103,0
DA:104,0
DA:105,0
DA:108,0
DA:118,0
DA:120,0
DA:121,0
DA:123,0
DA:131,0
DA:132,0
DA:133,0
DA:134,0
DA:136,0
DA:139,0
DA:140,0
DA:143,0
DA:144,0
DA:146,0
DA:152,0
DA:153,0
DA:154,0
DA:155,0
DA:157,0
DA:160,0
DA:161,0
DA:164,0
DA:165,0
DA:167,0
DA:171,0
DA:175,0
DA:176,0
DA:177,0
DA:180,0
DA:183,0
DA:184,0
DA:185,0
DA:188,0
DA:189,0
DA:190,0
DA:191,0
DA:193,0
DA:195,0
DA:196,0
DA:197,0
DA:200,0
DA:201,0
DA:202,0
DA:205,0
DA:206,0
DA:207,0
DA:210,0
DA:211,0
DA:212,0
DA:213,0
DA:214,0
DA:216,0
DA:220,0
DA:221,0
DA:222,0
DA:225,0
DA:226,0
DA:227,0
DA:228,0
DA:229,0
DA:231,0
DA:235,0
DA:237,0
DA:238,0
DA:239,0
DA:241,0
DA:242,0
DA:243,0
DA:246,0
DA:247,0
DA:248,0
DA:249,0
DA:252,0
DA:253,0
DA:254,0
DA:257,0
DA:258,0
DA:259,0
DA:263,0
DA:266,0
DA:267,0
DA:268,0
DA:272,0
DA:275,0
DA:276,0
DA:277,0
DA:281,0
DA:284,0
DA:285,0
DA:286,0
DA:290,0
DA:294,0
DA:295,0
DA:297,0
DA:298,0
DA:299,0
DA:300,0
DA:309,0
DA:311,0
DA:312,0
DA:320,0
DA:324,0
DA:326,0
DA:327,0
DA:328,0
DA:330,0
DA:331,0
DA:332,0
DA:336,0
DA:337,0
DA:338,0
DA:341,0
DA:342,0
DA:343,0
DA:346,0
DA:347,0
DA:348,0
DA:351,0
DA:352,0
DA:353,0
DA:357,0
DA:358,0
DA:360,0
DA:363,0
DA:364,0
DA:365,0
DA:369,0
DA:370,0
DA:372,0
DA:375,0
DA:376,0
DA:379,0
DA:380,0
DA:381,0
DA:382,0
DA:391,0
DA:393,0
DA:394,0
DA:395,0
DA:397,0
DA:398,0
DA:409,0
DA:417,0
DA:422,0
DA:424,0
DA:425,0
DA:426,0
DA:428,0
DA:429,0
DA:430,0
DA:434,0
DA:435,0
DA:436,0
DA:439,0
DA:440,0
DA:441,0
DA:442,0
DA:445,0
DA:446,0
DA:447,0
DA:450,0
DA:451,0
DA:452,0
DA:456,0
DA:457,0
DA:459,0
DA:462,0
DA:463,0
DA:464,0
DA:468,0
DA:469,0
DA:471,0
DA:474,0
DA:475,0
DA:476,0
DA:477,0
DA:480,0
DA:481,0
DA:482,0
DA:483,0
DA:484,0
DA:494,0
DA:496,0
DA:497,0
DA:498,0
DA:500,0
DA:501,0
DA:512,0
DA:520,0
DA:525,0
DA:527,0
DA:528,0
DA:529,0
DA:531,0
DA:532,0
DA:533,0
DA:537,0
DA:538,0
DA:539,0
DA:542,0
DA:545,0
DA:546,0
DA:547,0
DA:549,0
DA:550,0
DA:551,0
DA:552,0
DA:554,0
DA:555,0
DA:556,0
DA:560,0
DA:561,0
DA:563,0
DA:566,0
DA:567,0
DA:568,0
DA:572,0
DA:573,0
DA:575,0
DA:578,0
DA:579,0
DA:580,0
DA:581,0
DA:584,0
DA:585,0
DA:586,0
DA:587,0
DA:596,0
DA:598,0
DA:599,0
DA:600,0
DA:602,0
DA:603,0
DA:614,0
DA:622,0
DA:627,0
DA:629,0
DA:630,0
DA:631,0
DA:633,0
DA:634,0
DA:635,0
DA:639,0
DA:640,0
DA:641,0
DA:644,0
DA:645,0
DA:646,0
DA:647,0
DA:648,0
DA:651,0
DA:652,0
DA:653,0
DA:656,0
DA:657,0
DA:658,0
DA:662,0
DA:663,0
DA:665,0
DA:669,0
DA:670,0
DA:675,0
DA:676,0
DA:680,0
DA:682,0
DA:683,0
DA:684,0
DA:686,0
DA:688,0
DA:689,0
DA:690,0
DA:694,0
DA:695,0
DA:697,0
DA:700,0
DA:701,0
DA:705,0
DA:706,0
DA:710,0
DA:711,0
DA:712,0
DA:713,0
DA:714,0
LF:335
LH:0
BRDA:12,0,0,0
BRDA:12,0,1,0
BRDA:12,1,0,0
BRDA:12,1,1,0
BRDA:20,2,0,0
BRDA:20,2,1,0
BRDA:20,3,0,0
BRDA:20,3,1,0
BRDA:22,4,0,0
BRDA:22,4,1,0
BRDA:22,5,0,0
BRDA:22,5,1,0
BRDA:29,6,0,0
BRDA:29,6,1,0
BRDA:29,7,0,0
BRDA:29,7,1,0
BRDA:29,7,2,0
BRDA:29,7,3,0
BRDA:37,8,0,0
BRDA:37,8,1,0
BRDA:37,9,0,0
BRDA:37,9,1,0
BRDA:37,9,2,0
BRDA:37,9,3,0
BRDA:67,10,0,0
BRDA:67,10,1,0
BRDA:67,11,0,0
BRDA:67,11,1,0
BRDA:87,12,0,0
BRDA:87,12,1,0
BRDA:91,13,0,0
BRDA:91,13,1,0
BRDA:104,14,0,0
BRDA:104,14,1,0
BRDA:104,14,2,0
BRDA:105,15,0,0
BRDA:105,15,1,0
BRDA:105,16,0,0
BRDA:105,16,1,0
BRDA:105,16,2,0
BRDA:121,17,0,0
BRDA:121,17,1,0
BRDA:121,18,0,0
BRDA:121,18,1,0
BRDA:121,18,2,0
BRDA:134,19,0,0
BRDA:134,19,1,0
BRDA:143,20,0,0
BRDA:143,20,1,0
BRDA:155,21,0,0
BRDA:155,21,1,0
BRDA:164,22,0,0
BRDA:164,22,1,0
BRDA:195,23,0,0
BRDA:195,23,1,0
BRDA:200,24,0,0
BRDA:200,24,1,0
BRDA:205,25,0,0
BRDA:205,25,1,0
BRDA:211,26,0,0
BRDA:211,26,1,0
BRDA:211,27,0,0
BRDA:211,27,1,0
BRDA:213,28,0,0
BRDA:213,28,1,0
BRDA:213,29,0,0
BRDA:213,29,1,0
BRDA:220,30,0,0
BRDA:220,30,1,0
BRDA:220,31,0,0
BRDA:220,31,1,0
BRDA:220,31,2,0
BRDA:237,32,0,0
BRDA:237,32,1,0
BRDA:237,33,0,0
BRDA:237,33,1,0
BRDA:241,34,0,0
BRDA:241,34,1,0
BRDA:241,35,0,0
BRDA:241,35,1,0
BRDA:252,36,0,0
BRDA:252,36,1,0
BRDA:257,37,0,0
BRDA:257,37,1,0
BRDA:266,38,0,0
BRDA:266,38,1,0
BRDA:275,39,0,0
BRDA:275,39,1,0
BRDA:284,40,0,0
BRDA:284,40,1,0
BRDA:284,41,0,0
BRDA:284,41,1,0
BRDA:298,42,0,0
BRDA:298,42,1,0
BRDA:326,43,0,0
BRDA:326,43,1,0
BRDA:326,44,0,0
BRDA:326,44,1,0
BRDA:330,45,0,0
BRDA:330,45,1,0
BRDA:330,46,0,0
BRDA:330,46,1,0
BRDA:336,47,0,0
BRDA:336,47,1,0
BRDA:336,48,0,0
BRDA:336,48,1,0
BRDA:346,49,0,0
BRDA:346,49,1,0
BRDA:351,50,0,0
BRDA:351,50,1,0
BRDA:357,51,0,0
BRDA:357,51,1,0
BRDA:363,52,0,0
BRDA:363,52,1,0
BRDA:369,53,0,0
BRDA:369,53,1,0
BRDA:376,54,0,0
BRDA:376,54,1,0
BRDA:381,55,0,0
BRDA:381,55,1,0
BRDA:394,56,0,0
BRDA:394,56,1,0
BRDA:424,57,0,0
BRDA:424,57,1,0
BRDA:424,58,0,0
BRDA:424,58,1,0
BRDA:428,59,0,0
BRDA:428,59,1,0
BRDA:428,60,0,0
BRDA:428,60,1,0
BRDA:434,61,0,0
BRDA:434,61,1,0
BRDA:434,62,0,0
BRDA:434,62,1,0
BRDA:445,63,0,0
BRDA:445,63,1,0
BRDA:450,64,0,0
BRDA:450,64,1,0
BRDA:456,65,0,0
BRDA:456,65,1,0
BRDA:462,66,0,0
BRDA:462,66,1,0
BRDA:462,67,0,0
BRDA:462,67,1,0
BRDA:468,68,0,0
BRDA:468,68,1,0
BRDA:475,69,0,0
BRDA:475,69,1,0
BRDA:477,70,0,0
BRDA:477,70,1,0
BRDA:482,71,0,0
BRDA:482,71,1,0
BRDA:483,72,0,0
BRDA:483,72,1,0
BRDA:497,73,0,0
BRDA:497,73,1,0
BRDA:527,74,0,0
BRDA:527,74,1,0
BRDA:527,75,0,0
BRDA:527,75,1,0
BRDA:531,76,0,0
BRDA:531,76,1,0
BRDA:531,77,0,0
BRDA:531,77,1,0
BRDA:537,78,0,0
BRDA:537,78,1,0
BRDA:537,79,0,0
BRDA:537,79,1,0
BRDA:545,80,0,0
BRDA:545,80,1,0
BRDA:554,81,0,0
BRDA:554,81,1,0
BRDA:560,82,0,0
BRDA:560,82,1,0
BRDA:566,83,0,0
BRDA:566,83,1,0
BRDA:572,84,0,0
BRDA:572,84,1,0
BRDA:579,85,0,0
BRDA:579,85,1,0
BRDA:581,86,0,0
BRDA:581,86,1,0
BRDA:586,87,0,0
BRDA:586,87,1,0
BRDA:599,88,0,0
BRDA:599,88,1,0
BRDA:629,89,0,0
BRDA:629,89,1,0
BRDA:629,90,0,0
BRDA:629,90,1,0
BRDA:633,91,0,0
BRDA:633,91,1,0
BRDA:633,92,0,0
BRDA:633,92,1,0
BRDA:639,93,0,0
BRDA:639,93,1,0
BRDA:639,94,0,0
BRDA:639,94,1,0
BRDA:651,95,0,0
BRDA:651,95,1,0
BRDA:656,96,0,0
BRDA:656,96,1,0
BRDA:662,97,0,0
BRDA:662,97,1,0
BRDA:682,98,0,0
BRDA:682,98,1,0
BRDA:682,99,0,0
BRDA:682,99,1,0
BRDA:688,100,0,0
BRDA:688,100,1,0
BRDA:694,101,0,0
BRDA:694,101,1,0
BRDA:705,102,0,0
BRDA:705,102,1,0
BRDA:711,103,0,0
BRDA:711,103,1,0
BRDA:713,104,0,0
BRDA:713,104,1,0
BRDA:713,105,0,0
BRDA:713,105,1,0
BRF:220
BRH:0
end_of_record
TN:
SF:commands\end.js
FN:12,(anonymous_0)
FN:14,(anonymous_1)
FN:16,(anonymous_2)
FN:30,(anonymous_3)
FN:55,(anonymous_4)
FN:80,(anonymous_5)
FN:83,(anonymous_6)
FN:115,(anonymous_7)
FN:124,(anonymous_8)
FN:128,(anonymous_9)
FN:180,(anonymous_10)
FN:201,(anonymous_11)
FN:241,(anonymous_12)
FN:261,(anonymous_13)
FN:299,(anonymous_14)
FNF:15
FNH:0
FNDA:0,(anonymous_0)
FNDA:0,(anonymous_1)
FNDA:0,(anonymous_2)
FNDA:0,(anonymous_3)
FNDA:0,(anonymous_4)
FNDA:0,(anonymous_5)
FNDA:0,(anonymous_6)
FNDA:0,(anonymous_7)
FNDA:0,(anonymous_8)
FNDA:0,(anonymous_9)
FNDA:0,(anonymous_10)
FNDA:0,(anonymous_11)
FNDA:0,(anonymous_12)
FNDA:0,(anonymous_13)
FNDA:0,(anonymous_14)
DA:1,0
DA:2,0
DA:3,0
DA:4,0
DA:5,0
DA:6,0
DA:7,0
DA:8,0
DA:9,0
DA:10,0
DA:12,0
DA:14,0
DA:15,0
DA:16,0
DA:17,0
DA:23,0
DA:30,0
DA:31,0
DA:33,0
DA:34,0
DA:35,0
DA:37,0
DA:38,0
DA:39,0
DA:42,0
DA:43,0
DA:44,0
DA:45,0
DA:46,0
DA:49,0
DA:50,0
DA:51,0
DA:55,0
DA:58,0
DA:59,0
DA:60,0
DA:64,0
DA:65,0
DA:66,0
DA:70,0
DA:71,0
DA:74,0
DA:78,0
DA:79,0
DA:80,0
DA:81,0
DA:84,0
DA:90,0
DA:95,0
DA:101,0
DA:102,0
DA:104,0
DA:108,0
DA:109,0
DA:110,0
DA:111,0
DA:112,0
DA:115,0
DA:117,0
DA:118,0
DA:122,0
DA:124,0
DA:125,0
DA:127,0
DA:128,0
DA:133,0
DA:134,0
DA:136,0
DA:137,0
DA:141,0
DA:144,0
DA:146,0
DA:150,0
DA:153,0
DA:158,0
DA:159,0
DA:160,0
DA:162,0
DA:166,0
DA:173,0
DA:175,0
DA:176,0
DA:178,0
DA:179,0
DA:180,0
DA:181,0
DA:182,0
DA:186,0
DA:187,0
DA:196,0
DA:197,0
DA:201,0
DA:204,0
DA:209,0
DA:215,0
DA:216,0
DA:217,0
DA:218,0
DA:219,0
DA:220,0
DA:221,0
DA:222,0
DA:226,0
DA:228,0
DA:239,0
DA:241,0
DA:242,0
DA:243,0
DA:245,0
DA:248,0
DA:249,0
DA:251,0
DA:253,0
DA:254,0
DA:255,0
DA:257,0
DA:260,0
DA:261,0
DA:262,0
DA:263,0
DA:264,0
DA:266,0
DA:270,0
DA:277,0
DA:284,0
DA:285,0
DA:297,0
DA:300,0
DA:306,0
DA:311,0
DA:312,0
DA:313,0
DA:314,0
DA:315,0
DA:316,0
DA:317,0
DA:318,0
DA:319,0
DA:320,0
DA:321,0
DA:322,0
DA:323,0
DA:324,0
DA:325,0
DA:326,0
DA:327,0
DA:328,0
DA:329,0
DA:330,0
DA:331,0
DA:332,0
DA:334,0
DA:335,0
DA:337,0
DA:338,0
DA:339,0
LF:156
LH:0
BRDA:33,0,0,0
BRDA:33,0,1,0
BRDA:33,1,0,0
BRDA:33,1,1,0
BRDA:37,2,0,0
BRDA:37,2,1,0
BRDA:37,3,0,0
BRDA:37,3,1,0
BRDA:49,4,0,0
BRDA:49,4,1,0
BRDA:58,5,0,0
BRDA:58,5,1,0
BRDA:64,6,0,0
BRDA:64,6,1,0
BRDA:70,7,0,0
BRDA:70,7,1,0
BRDA:78,8,0,0
BRDA:78,8,1,0
BRDA:78,9,0,0
BRDA:78,9,1,0
BRDA:84,10,0,0
BRDA:84,10,1,0
BRDA:85,11,0,0
BRDA:85,11,1,0
BRDA:115,12,0,0
BRDA:115,12,1,0
BRDA:118,13,0,0
BRDA:118,13,1,0
BRDA:130,14,0,0
BRDA:130,14,1,0
BRDA:136,15,0,0
BRDA:136,15,1,0
BRDA:160,16,0,0
BRDA:160,16,1,0
BRDA:173,17,0,0
BRDA:173,17,1,0
BRDA:173,18,0,0
BRDA:173,18,1,0
BRDA:180,19,0,0
BRDA:180,19,1,0
BRDA:186,20,0,0
BRDA:186,20,1,0
BRDA:215,21,0,0
BRDA:215,21,1,0
BRDA:215,22,0,0
BRDA:215,22,1,0
BRDA:218,23,0,0
BRDA:218,23,1,0
BRDA:239,24,0,0
BRDA:239,24,1,0
BRDA:242,25,0,0
BRDA:242,25,1,0
BRDA:242,25,2,0
BRDA:242,26,0,0
BRDA:242,26,1,0
BRDA:242,27,0,0
BRDA:242,27,1,0
BRDA:243,28,0,0
BRDA:243,28,1,0
BRDA:251,29,0,0
BRDA:251,29,1,0
BRDA:254,30,0,0
BRDA:254,30,1,0
BRDA:262,31,0,0
BRDA:262,31,1,0
BRDA:282,32,0,0
BRDA:282,32,1,0
BRF:67
BRH:0
end_of_record
TN:
SF:commands\limit.js
FN:5,(anonymous_0)
FN:6,(anonymous_1)
FN:42,(anonymous_2)
FNF:3
FNH:0
FNDA:0,(anonymous_0)
FNDA:0,(anonymous_1)
FNDA:0,(anonymous_2)
DA:1,0
DA:2,0
DA:3,0
DA:5,0
DA:6,0
DA:8,0
DA:9,0
DA:10,0
DA:12,0
DA:13,0
DA:14,0
DA:17,0
DA:18,0
DA:19,0
DA:20,0
DA:21,0
DA:22,0
DA:25,0
DA:26,0
DA:27,0
DA:31,0
DA:32,0
DA:33,0
DA:37,0
DA:38,0
DA:39,0
DA:42,0
DA:44,0
DA:45,0
DA:46,0
DA:49,0
DA:50,0
DA:51,0
DA:54,0
DA:55,0
DA:56,0
DA:59,0
DA:60,0
DA:61,0
DA:65,0
DA:66,0
DA:67,0
DA:70,0
DA:71,0
DA:72,0
DA:73,0
DA:76,0
DA:77,0
DA:78,0
DA:81,0
DA:84,0
DA:86,0
DA:87,0
DA:88,0
DA:91,0
DA:92,0
DA:93,0
DA:96,0
DA:99,0
DA:101,0
DA:102,0
DA:103,0
DA:106,0
DA:107,0
DA:108,0
DA:111,0
DA:116,0
DA:117,0
DA:118,0
DA:120,0
DA:123,0
DA:124,0
LF:72
LH:0
BRDA:8,0,0,0
BRDA:8,0,1,0
BRDA:8,1,0,0
BRDA:8,1,1,0
BRDA:12,2,0,0
BRDA:12,2,1,0
BRDA:12,3,0,0
BRDA:12,3,1,0
BRDA:25,4,0,0
BRDA:25,4,1,0
BRDA:31,5,0,0
BRDA:31,5,1,0
BRDA:37,6,0,0
BRDA:37,6,1,0
BRDA:44,7,0,0
BRDA:44,7,1,0
BRDA:49,8,0,0
BRDA:49,8,1,0
BRDA:54,9,0,0
BRDA:54,9,1,0
BRDA:59,10,0,0
BRDA:59,10,1,0
BRDA:65,11,0,0
BRDA:65,11,1,0
BRDA:65,12,0,0
BRDA:65,12,1,0
BRDA:65,12,2,0
BRDA:71,13,0,0
BRDA:71,13,1,0
BRDA:71,14,0,0
BRDA:71,14,1,0
BRDA:77,15,0,0
BRDA:77,15,1,0
BRDA:77,16,0,0
BRDA:77,16,1,0
BRDA:84,17,0,0
BRDA:84,17,1,0
BRDA:99,18,0,0
BRDA:99,18,1,0
BRF:39
BRH:0
end_of_record
TN:
SF:commands\list.js
FN:3,(anonymous_0)
FN:4,(anonymous_1)
FN:8,(anonymous_2)
FNF:3
FNH:0
FNDA:0,(anonymous_0)
FNDA:0,(anonymous_1)
FNDA:0,(anonymous_2)
DA:1,0
DA:3,0
DA:4,0
DA:5,0
DA:6,0
DA:7,0
DA:8,0
DA:11,0
DA:12,0
DA:13,0
DA:16,0
DA:17,0
DA:18,0
DA:26,0
DA:27,0
DA:28,0
DA:31,0
DA:33,0
DA:40,0
DA:42,0
DA:43,0
DA:46,0
LF:22
LH:0
BRDA:11,0,0,0
BRDA:11,0,1,0
BRDA:16,1,0,0
BRDA:16,1,1,0
BRDA:26,2,0,0
BRDA:26,2,1,0
BRDA:26,3,0,0
BRDA:26,3,1,0
BRF:8
BRH:0
end_of_record
TN:
SF:commands\pay.js
FN:4,(anonymous_0)
FN:6,(anonymous_1)
FN:10,(anonymous_2)
FN:51,(anonymous_3)
FN:56,(anonymous_4)
FNF:5
FNH:0
FNDA:0,(anonymous_0)
FNDA:0,(anonymous_1)
FNDA:0,(anonymous_2)
FNDA:0,(anonymous_3)
FNDA:0,(anonymous_4)
DA:1,0
DA:2,0
DA:4,0
DA:6,0
DA:7,0
DA:8,0
DA:9,0
DA:10,0
DA:12,0
DA:13,0
DA:14,0
DA:17,0
DA:18,0
DA:19,0
DA:22,0
DA:23,0
DA:24,0
DA:27,0
DA:29,0
DA:30,0
DA:31,0
DA:34,0
DA:35,0
DA:36,0
DA:38,0
DA:39,0
DA:40,0
DA:41,0
DA:42,0
DA:43,0
DA:45,0
DA:46,0
DA:51,0
DA:52,0
DA:53,0
DA:54,0
DA:56,0
DA:58,0
DA:59,0
DA:60,0
DA:63,0
DA:64,0
DA:65,0
DA:68,0
DA:69,0
DA:70,0
DA:73,0
DA:75,0
DA:76,0
DA:77,0
DA:80,0
DA:81,0
DA:82,0
DA:84,0
DA:85,0
DA:86,0
DA:87,0
DA:88,0
DA:89,0
DA:91,0
DA:92,0
LF:61
LH:0
BRDA:12,0,0,0
BRDA:12,0,1,0
BRDA:17,1,0,0
BRDA:17,1,1,0
BRDA:22,2,0,0
BRDA:22,2,1,0
BRDA:29,3,0,0
BRDA:29,3,1,0
BRDA:29,4,0,0
BRDA:29,4,1,0
BRDA:36,5,0,0
BRDA:36,5,1,0
BRDA:38,6,0,0
BRDA:38,6,1,0
BRDA:58,7,0,0
BRDA:58,7,1,0
BRDA:63,8,0,0
BRDA:63,8,1,0
BRDA:68,9,0,0
BRDA:68,9,1,0
BRDA:75,10,0,0
BRDA:75,10,1,0
BRDA:75,11,0,0
BRDA:75,11,1,0
BRDA:82,12,0,0
BRDA:82,12,1,0
BRDA:84,13,0,0
BRDA:84,13,1,0
BRF:28
BRH:0
end_of_record
TN:
SF:commands\play.js
FN:7,(anonymous_0)
FN:8,(anonymous_1)
FN:19,(anonymous_2)
FN:64,(anonymous_3)
FN:64,(anonymous_4)
FN:75,(anonymous_5)
FN:75,(anonymous_6)
FN:99,(anonymous_7)
FN:119,(anonymous_8)
FNF:9
FNH:0
FNDA:0,(anonymous_0)
FNDA:0,(anonymous_1)
FNDA:0,(anonymous_2)
FNDA:0,(anonymous_3)
FNDA:0,(anonymous_4)
FNDA:0,(anonymous_5)
FNDA:0,(anonymous_6)
FNDA:0,(anonymous_7)
FNDA:0,(anonymous_8)
DA:1,0
DA:2,0
DA:3,0
DA:4,0
DA:5,0
DA:7,0
DA:8,0
DA:9,0
DA:10,0
DA:11,0
DA:12,0
DA:13,0
DA:14,0
DA:15,0
DA:16,0
DA:17,0
DA:19,0
DA:21,0
DA:22,0
DA:23,0
DA:26,0
DA:27,0
DA:28,0
DA:32,0
DA:33,0
DA:34,0
DA:38,0
DA:39,0
DA:40,0
DA:44,0
DA:45,0
DA:46,0
DA:49,0
DA:50,0
DA:51,0
DA:54,0
DA:55,0
DA:56,0
DA:59,0
DA:60,0
DA:61,0
DA:64,0
DA:71,0
DA:72,0
DA:74,0
DA:75,0
DA:86,0
DA:87,0
DA:89,0
DA:90,0
DA:91,0
DA:95,0
DA:98,0
DA:99,0
DA:100,0
DA:102,0
DA:111,0
DA:112,0
DA:120,0
DA:121,0
DA:122,0
DA:123,0
DA:125,0
DA:128,0
DA:129,0
DA:132,0
DA:133,0
DA:135,0
DA:141,0
DA:142,0
DA:145,0
DA:146,0
DA:147,0
DA:151,0
DA:152,0
DA:156,0
DA:157,0
DA:160,0
DA:162,0
DA:173,0
DA:175,0
DA:176,0
DA:182,0
DA:183,0
DA:184,0
LF:85
LH:0
BRDA:21,0,0,0
BRDA:21,0,1,0
BRDA:26,1,0,0
BRDA:26,1,1,0
BRDA:32,2,0,0
BRDA:32,2,1,0
BRDA:38,3,0,0
BRDA:38,3,1,0
BRDA:44,4,0,0
BRDA:44,4,1,0
BRDA:44,5,0,0
BRDA:44,5,1,0
BRDA:49,6,0,0
BRDA:49,6,1,0
BRDA:49,7,0,0
BRDA:49,7,1,0
BRDA:54,8,0,0
BRDA:54,8,1,0
BRDA:59,9,0,0
BRDA:59,9,1,0
BRDA:74,10,0,0
BRDA:74,10,1,0
BRDA:98,11,0,0
BRDA:98,11,1,0
BRDA:98,12,0,0
BRDA:98,12,1,0
BRDA:98,12,2,0
BRDA:99,13,0,0
BRDA:99,13,1,0
BRDA:100,14,0,0
BRDA:100,14,1,0
BRDA:123,15,0,0
BRDA:123,15,1,0
BRDA:132,16,0,0
BRDA:132,16,1,0
BRDA:141,17,0,0
BRDA:141,17,1,0
BRDA:142,18,0,0
BRDA:142,18,1,0
BRF:39
BRH:0
end_of_record
TN:
SF:commands\ready.js
FN:8,(anonymous_0)
FN:37,(anonymous_1)
FN:59,(anonymous_2)
FN:61,(anonymous_3)
FN:73,(anonymous_4)
FN:78,(anonymous_5)
FN:124,(anonymous_6)
FN:159,(anonymous_7)
FNF:8
FNH:4
FNDA:1,(anonymous_0)
FNDA:0,(anonymous_1)
FNDA:2,(anonymous_2)
FNDA:0,(anonymous_3)
FNDA:0,(anonymous_4)
FNDA:1,(anonymous_5)
FNDA:1,(anonymous_6)
FNDA:0,(anonymous_7)
DA:2,1
DA:3,1
DA:4,1
DA:5,1
DA:8,1
DA:10,1
DA:13,1
DA:15,1
DA:19,1
DA:29,1
DA:30,1
DA:33,0
DA:38,0
DA:39,0
DA:40,0
DA:41,0
DA:43,0
DA:46,0
DA:47,0
DA:50,0
DA:51,0
DA:53,0
DA:59,1
DA:61,2
DA:63,0
DA:66,0
DA:67,0
DA:68,0
DA:69,0
DA:73,0
DA:74,0
DA:78,2
DA:79,1
DA:81,1
DA:82,0
DA:83,0
DA:84,0
DA:85,0
DA:89,0
DA:90,0
DA:93,0
DA:99,1
DA:104,1
DA:106,1
DA:109,1
DA:120,1
DA:124,2
DA:125,1
DA:127,1
DA:128,0
DA:129,0
DA:130,0
DA:131,0
DA:135,0
DA:136,0
DA:139,0
DA:142,1
DA:143,1
DA:144,1
DA:147,1
DA:148,1
DA:149,1
DA:155,1
DA:159,2
DA:160,0
DA:162,0
DA:163,0
DA:164,0
DA:165,0
DA:166,0
DA:170,0
DA:171,0
DA:174,0
DA:177,0
DA:178,0
DA:179,0
DA:180,0
DA:184,0
DA:185,0
DA:190,0
DA:191,0
DA:192,0
DA:193,0
DA:194,0
LF:84
LH:32
BRDA:30,0,0,0
BRDA:30,0,1,1
BRDA:30,1,0,1
BRDA:30,1,1,0
BRDA:30,1,2,0
BRDA:41,2,0,0
BRDA:41,2,1,0
BRDA:50,3,0,0
BRDA:50,3,1,0
BRDA:63,4,0,0
BRDA:63,4,1,0
BRDA:67,5,0,0
BRDA:67,5,1,0
BRDA:81,6,0,0
BRDA:81,6,1,1
BRDA:83,7,0,0
BRDA:83,7,1,0
BRDA:84,8,0,0
BRDA:84,8,1,0
BRDA:89,9,0,0
BRDA:89,9,1,0
BRDA:106,10,0,1
BRDA:106,10,1,0
BRDA:127,11,0,0
BRDA:127,11,1,1
BRDA:129,12,0,0
BRDA:129,12,1,0
BRDA:130,13,0,0
BRDA:130,13,1,0
BRDA:135,14,0,0
BRDA:135,14,1,0
BRDA:142,15,0,1
BRDA:142,15,1,0
BRDA:148,16,0,1
BRDA:148,16,1,0
BRDA:148,17,0,1
BRDA:148,17,1,1
BRDA:162,18,0,0
BRDA:162,18,1,0
BRDA:164,19,0,0
BRDA:164,19,1,0
BRDA:165,20,0,0
BRDA:165,20,1,0
BRDA:170,21,0,0
BRDA:170,21,1,0
BRDA:178,22,0,0
BRDA:178,22,1,0
BRDA:179,23,0,0
BRDA:179,23,1,0
BRDA:184,24,0,0
BRDA:184,24,1,0
BRDA:191,25,0,0
BRDA:191,25,1,0
BRDA:193,26,0,0
BRDA:193,26,1,0
BRDA:193,27,0,0
BRDA:193,27,1,0
BRF:57
BRH:9
end_of_record
TN:
SF:commands\referee.js
FN:4,(anonymous_0)
FN:7,(anonymous_1)
FN:8,(anonymous_2)
FN:9,(anonymous_3)
FN:13,(anonymous_4)
FN:18,(anonymous_5)
FNF:6
FNH:0
FNDA:0,(anonymous_0)
FNDA:0,(anonymous_1)
FNDA:0,(anonymous_2)
FNDA:0,(anonymous_3)
FNDA:0,(anonymous_4)
FNDA:0,(anonymous_5)
DA:1,0
DA:2,0
DA:4,0
DA:5,0
DA:6,0
DA:7,0
DA:8,0
DA:9,0
DA:13,0
DA:14,0
DA:15,0
DA:16,0
DA:18,0
DA:21,0
DA:22,0
DA:23,0
DA:27,0
DA:28,0
DA:29,0
DA:33,0
DA:34,0
DA:35,0
DA:38,0
DA:39,0
DA:40,0
DA:41,0
DA:45,0
DA:46,0
DA:49,0
DA:50,0
LF:30
LH:0
BRDA:5,0,0,0
BRDA:5,0,1,0
BRDA:21,1,0,0
BRDA:21,1,1,0
BRDA:27,2,0,0
BRDA:27,2,1,0
BRDA:35,3,0,0
BRDA:35,3,1,0
BRDA:35,4,0,0
BRDA:35,4,1,0
BRDA:38,5,0,0
BRDA:38,5,1,0
BRF:12
BRH:0
end_of_record
TN:
SF:commands\remove.js
FN:5,(anonymous_0)
FN:6,(anonymous_1)
FN:41,(anonymous_2)
FNF:3
FNH:0
FNDA:0,(anonymous_0)
FNDA:0,(anonymous_1)
FNDA:0,(anonymous_2)
DA:1,0
DA:2,0
DA:3,0
DA:5,0
DA:6,0
DA:8,0
DA:9,0
DA:10,0
DA:12,0
DA:13,0
DA:14,0
DA:17,0
DA:18,0
DA:19,0
DA:20,0
DA:21,0
DA:24,0
DA:25,0
DA:26,0
DA:30,0
DA:31,0
DA:32,0
DA:36,0
DA:37,0
DA:38,0
DA:41,0
DA:44,0
DA:45,0
DA:46,0
DA:49,0
DA:50,0
DA:51,0
DA:54,0
DA:55,0
DA:56,0
DA:59,0
DA:60,0
DA:61,0
DA:65,0
DA:66,0
DA:67,0
DA:70,0
DA:71,0
DA:72,0
DA:73,0
DA:77,0
DA:80,0
DA:81,0
DA:82,0
DA:86,0
DA:87,0
DA:88,0
DA:90,0
DA:93,0
DA:94,0
DA:95,0
DA:96,0
DA:97,0
DA:100,0
DA:105,0
DA:106,0
DA:109,0
DA:110,0
DA:113,0
LF:64
LH:0
BRDA:8,0,0,0
BRDA:8,0,1,0
BRDA:8,1,0,0
BRDA:8,1,1,0
BRDA:12,2,0,0
BRDA:12,2,1,0
BRDA:12,3,0,0
BRDA:12,3,1,0
BRDA:24,4,0,0
BRDA:24,4,1,0
BRDA:30,5,0,0
BRDA:30,5,1,0
BRDA:36,6,0,0
BRDA:36,6,1,0
BRDA:44,7,0,0
BRDA:44,7,1,0
BRDA:49,8,0,0
BRDA:49,8,1,0
BRDA:54,9,0,0
BRDA:54,9,1,0
BRDA:59,10,0,0
BRDA:59,10,1,0
BRDA:65,11,0,0
BRDA:65,11,1,0
BRDA:65,12,0,0
BRDA:65,12,1,0
BRDA:65,12,2,0
BRDA:71,13,0,0
BRDA:71,13,1,0
BRDA:71,14,0,0
BRDA:71,14,1,0
BRDA:80,15,0,0
BRDA:80,15,1,0
BRDA:80,16,0,0
BRDA:80,16,1,0
BRDA:88,17,0,0
BRDA:88,17,1,0
BRDA:93,18,0,0
BRDA:93,18,1,0
BRF:39
BRH:0
end_of_record
TN:
SF:commands\reset.js
FN:7,(anonymous_0)
FN:9,(anonymous_1)
FN:10,(anonymous_2)
FN:62,(anonymous_3)
FN:66,(anonymous_4)
FN:74,(anonymous_5)
FN:88,(anonymous_6)
FN:118,(anonymous_7)
FN:132,(anonymous_8)
FNF:9
FNH:0
FNDA:0,(anonymous_0)
FNDA:0,(anonymous_1)
FNDA:0,(anonymous_2)
FNDA:0,(anonymous_3)
FNDA:0,(anonymous_4)
FNDA:0,(anonymous_5)
FNDA:0,(anonymous_6)
FNDA:0,(anonymous_7)
FNDA:0,(anonymous_8)
DA:1,0
DA:2,0
DA:3,0
DA:4,0
DA:5,0
DA:7,0
DA:9,0
DA:10,0
DA:12,0
DA:15,0
DA:16,0
DA:20,0
DA:21,0
DA:23,0
DA:27,0
DA:28,0
DA:29,0
DA:33,0
DA:61,0
DA:62,0
DA:63,0
DA:74,0
DA:75,0
DA:78,0
DA:79,0
DA:80,0
DA:84,0
DA:85,0
DA:93,0
DA:95,0
DA:96,0
DA:98,0
DA:102,0
DA:103,0
DA:106,0
DA:107,0
DA:111,0
DA:112,0
DA:118,0
DA:119,0
DA:122,0
DA:123,0
DA:124,0
DA:128,0
DA:129,0
DA:137,0
DA:139,0
DA:143,0
DA:144,0
LF:49
LH:0
BRDA:15,0,0,0
BRDA:15,0,1,0
BRDA:20,1,0,0
BRDA:20,1,1,0
BRDA:27,2,0,0
BRDA:27,2,1,0
BRDA:61,3,0,0
BRDA:61,3,1,0
BRDA:78,4,0,0
BRDA:78,4,1,0
BRDA:84,5,0,0
BRDA:84,5,1,0
BRDA:102,6,0,0
BRDA:102,6,1,0
BRDA:111,7,0,0
BRDA:111,7,1,0
BRDA:122,8,0,0
BRDA:122,8,1,0
BRDA:128,9,0,0
BRDA:128,9,1,0
BRDA:143,10,0,0
BRDA:143,10,1,0
BRF:22
BRH:0
end_of_record
TN:
SF:commands\result.js
FN:8,(anonymous_0)
FN:11,(anonymous_1)
FN:45,(anonymous_2)
FN:65,(anonymous_3)
FN:66,(anonymous_4)
FN:94,(anonymous_5)
FN:101,(anonymous_6)
FN:108,(anonymous_7)
FN:129,(anonymous_8)
FN:178,(anonymous_9)
FN:211,(anonymous_10)
FN:251,(anonymous_11)
FN:255,(anonymous_12)
FN:262,(anonymous_13)
FN:349,(anonymous_14)
FN:353,(anonymous_15)
FNF:16
FNH:0
FNDA:0,(anonymous_0)
FNDA:0,(anonymous_1)
FNDA:0,(anonymous_2)
FNDA:0,(anonymous_3)
FNDA:0,(anonymous_4)
FNDA:0,(anonymous_5)
FNDA:0,(anonymous_6)
FNDA:0,(anonymous_7)
FNDA:0,(anonymous_8)
FNDA:0,(anonymous_9)
FNDA:0,(anonymous_10)
FNDA:0,(anonymous_11)
FNDA:0,(anonymous_12)
FNDA:0,(anonymous_13)
FNDA:0,(anonymous_14)
FNDA:0,(anonymous_15)
DA:2,0
DA:3,0
DA:4,0
DA:5,0
DA:6,0
DA:8,0
DA:9,0
DA:11,0
DA:12,0
DA:13,0
DA:16,0
DA:17,0
DA:20,0
DA:21,0
DA:24,0
DA:29,0
DA:30,0
DA:34,0
DA:35,0
DA:36,0
DA:37,0
DA:41,0
DA:45,0
DA:46,0
DA:47,0
DA:51,0
DA:52,0
DA:53,0
DA:54,0
DA:56,0
DA:57,0
DA:58,0
DA:59,0
DA:60,0
DA:63,0
DA:64,0
DA:65,0
DA:66,0
DA:68,0
DA:69,0
DA:70,0
DA:72,0
DA:78,0
DA:94,0
DA:95,0
DA:96,0
DA:97,0
DA:98,0
DA:99,0
DA:101,0
DA:102,0
DA:104,0
DA:108,0
DA:109,0
DA:111,0
DA:112,0
DA:115,0
DA:116,0
DA:119,0
DA:121,0
DA:122,0
DA:125,0
DA:129,0
DA:130,0
DA:133,0
DA:134,0
DA:135,0
DA:136,0
DA:137,0
DA:139,0
DA:142,0
DA:143,0
DA:144,0
DA:145,0
DA:147,0
DA:150,0
DA:151,0
DA:154,0
DA:155,0
DA:159,0
DA:160,0
DA:161,0
DA:166,0
DA:167,0
DA:168,0
DA:171,0
DA:173,0
DA:178,0
DA:180,0
DA:181,0
DA:182,0
DA:184,0
DA:186,0
DA:188,0
DA:190,0
DA:191,0
DA:194,0
DA:195,0
DA:197,0
DA:199,0
DA:200,0
DA:202,0
DA:204,0
DA:205,0
DA:211,0
DA:212,0
DA:213,0
DA:215,0
DA:216,0
DA:217,0
DA:220,0
DA:222,0
DA:223,0
DA:224,0
DA:227,0
DA:228,0
DA:230,0
DA:231,0
DA:238,0
DA:240,0
DA:241,0
DA:242,0
DA:243,0
DA:245,0
DA:251,0
DA:252,0
DA:255,0
DA:257,0
DA:258,0
DA:259,0
DA:262,0
DA:264,0
DA:265,0
DA:266,0
DA:267,0
DA:268,0
DA:271,0
DA:273,0
DA:276,0
DA:279,0
DA:280,0
DA:281,0
DA:282,0
DA:283,0
DA:284,0
DA:287,0
DA:289,0
DA:292,0
DA:293,0
DA:294,0
DA:295,0
DA:296,0
DA:299,0
DA:301,0
DA:305,0
DA:306,0
DA:307,0
DA:309,0
DA:310,0
DA:311,0
DA:318,0
DA:320,0
DA:321,0
DA:322,0
DA:323,0
DA:324,0
DA:325,0
DA:326,0
DA:329,0
DA:331,0
DA:332,0
DA:336,0
DA:337,0
DA:338,0
DA:339,0
DA:340,0
DA:343,0
DA:349,0
DA:350,0
DA:351,0
DA:353,0
DA:354,0
LF:182
LH:0
BRDA:12,0,0,0
BRDA:12,0,1,0
BRDA:12,1,0,0
BRDA:12,1,1,0
BRDA:16,2,0,0
BRDA:16,3,0,0
BRDA:16,4,0,0
BRDA:16,5,0,0
BRDA:20,6,0,0
BRDA:20,6,1,0
BRDA:21,7,0,0
BRDA:21,7,1,0
BRDA:22,8,0,0
BRDA:22,8,1,0
BRDA:24,9,0,0
BRDA:24,9,1,0
BRDA:25,10,0,0
BRDA:25,10,1,0
BRDA:25,11,0,0
BRDA:25,11,1,0
BRDA:29,12,0,0
BRDA:29,12,1,0
BRDA:35,13,0,0
BRDA:35,13,1,0
BRDA:35,13,2,0
BRDA:36,14,0,0
BRDA:36,14,1,0
BRDA:37,15,0,0
BRDA:37,15,1,0
BRDA:46,16,0,0
BRDA:46,16,1,0
BRDA:46,17,0,0
BRDA:46,17,1,0
BRDA:53,18,0,0
BRDA:53,18,1,0
BRDA:53,19,0,0
BRDA:53,19,1,0
BRDA:53,19,2,0
BRDA:54,20,0,0
BRDA:54,20,1,0
BRDA:54,21,0,0
BRDA:54,21,1,0
BRDA:54,21,2,0
BRDA:56,22,0,0
BRDA:56,22,1,0
BRDA:57,23,0,0
BRDA:57,23,1,0
BRDA:58,24,0,0
BRDA:58,24,1,0
BRDA:59,25,0,0
BRDA:59,25,1,0
BRDA:63,26,0,0
BRDA:63,26,1,0
BRDA:64,27,0,0
BRDA:64,27,1,0
BRDA:68,28,0,0
BRDA:68,28,1,0
BRDA:69,29,0,0
BRDA:69,29,1,0
BRDA:72,30,0,0
BRDA:72,30,1,0
BRDA:74,31,0,0
BRDA:74,31,1,0
BRDA:94,32,0,0
BRDA:94,33,0,0
BRDA:111,34,0,0
BRDA:111,34,1,0
BRDA:115,35,0,0
BRDA:115,35,1,0
BRDA:121,36,0,0
BRDA:121,36,1,0
BRDA:129,37,0,0
BRDA:133,38,0,0
BRDA:133,38,1,0
BRDA:136,39,0,0
BRDA:136,39,1,0
BRDA:136,40,0,0
BRDA:136,40,1,0
BRDA:142,41,0,0
BRDA:142,41,1,0
BRDA:144,42,0,0
BRDA:144,42,1,0
BRDA:144,43,0,0
BRDA:144,43,1,0
BRDA:159,44,0,0
BRDA:159,44,1,0
BRDA:159,45,0,0
BRDA:159,45,1,0
BRDA:159,45,2,0
BRDA:167,46,0,0
BRDA:167,46,1,0
BRDA:168,47,0,0
BRDA:168,47,1,0
BRDA:168,48,0,0
BRDA:168,48,1,0
BRDA:168,48,2,0
BRDA:168,48,3,0
BRDA:168,48,4,0
BRDA:180,49,0,0
BRDA:180,49,1,0
BRDA:180,50,0,0
BRDA:180,50,1,0
BRDA:195,51,0,0
BRDA:195,51,1,0
BRDA:197,52,0,0
BRDA:197,52,1,0
BRDA:197,53,0,0
BRDA:197,53,1,0
BRDA:200,54,0,0
BRDA:200,54,1,0
BRDA:200,55,0,0
BRDA:200,55,1,0
BRDA:200,55,2,0
BRDA:215,56,0,0
BRDA:215,56,1,0
BRDA:215,57,0,0
BRDA:215,57,1,0
BRDA:215,57,2,0
BRDA:222,58,0,0
BRDA:222,58,1,0
BRDA:222,59,0,0
BRDA:222,59,1,0
BRDA:240,60,0,0
BRDA:240,60,1,0
BRDA:241,61,0,0
BRDA:241,61,1,0
BRDA:241,62,0,0
BRDA:241,62,1,0
BRDA:257,63,0,0
BRDA:257,63,1,0
BRDA:257,64,0,0
BRDA:257,64,1,0
BRDA:264,65,0,0
BRDA:264,65,1,0
BRDA:267,66,0,0
BRDA:267,66,1,0
BRDA:267,67,0,0
BRDA:267,67,1,0
BRDA:279,68,0,0
BRDA:279,68,1,0
BRDA:283,69,0,0
BRDA:283,69,1,0
BRDA:283,70,0,0
BRDA:283,70,1,0
BRDA:292,71,0,0
BRDA:292,71,1,0
BRDA:295,72,0,0
BRDA:295,72,1,0
BRDA:295,73,0,0
BRDA:295,73,1,0
BRDA:309,74,0,0
BRDA:309,74,1,0
BRDA:309,75,0,0
BRDA:309,75,1,0
BRDA:309,75,2,0
BRDA:320,76,0,0
BRDA:320,76,1,0
BRDA:321,77,0,0
BRDA:321,77,1,0
BRDA:324,78,0,0
BRDA:324,78,1,0
BRDA:324,79,0,0
BRDA:324,79,1,0
BRDA:324,79,2,0
BRDA:331,80,0,0
BRDA:331,80,1,0
BRDA:338,81,0,0
BRDA:338,81,1,0
BRDA:338,82,0,0
BRDA:338,82,1,0
BRDA:338,82,2,0
BRDA:351,83,0,0
BRDA:351,83,1,0
BRF:173
BRH:0
end_of_record
TN:
SF:commands\startMatch.js
FN:4,(anonymous_0)
FN:6,(anonymous_1)
FN:11,(anonymous_2)
FN:68,(anonymous_3)
FN:72,(anonymous_4)
FNF:5
FNH:0
FNDA:0,(anonymous_0)
FNDA:0,(anonymous_1)
FNDA:0,(anonymous_2)
FNDA:0,(anonymous_3)
FNDA:0,(anonymous_4)
DA:1,0
DA:2,0
DA:4,0
DA:6,0
DA:7,0
DA:8,0
DA:9,0
DA:11,0
DA:13,0
DA:14,0
DA:15,0
DA:18,0
DA:19,0
DA:20,0
DA:23,0
DA:24,0
DA:25,0
DA:28,0
DA:29,0
DA:30,0
DA:33,0
DA:36,0
DA:37,0
DA:39,0
DA:40,0
DA:41,0
DA:42,0
DA:45,0
DA:46,0
DA:47,0
DA:48,0
DA:49,0
DA:50,0
DA:51,0
DA:52,0
DA:53,0
DA:54,0
DA:55,0
DA:57,0
DA:58,0
DA:59,0
DA:60,0
DA:62,0
DA:68,0
DA:69,0
DA:70,0
DA:71,0
DA:72,0
DA:74,0
DA:75,0
DA:76,0
DA:79,0
DA:80,0
DA:81,0
DA:84,0
DA:85,0
DA:86,0
DA:89,0
DA:90,0
DA:91,0
DA:94,0
DA:96,0
DA:98,0
DA:99,0
DA:100,0
DA:101,0
DA:102,0
DA:103,0
DA:104,0
DA:105,0
DA:106,0
DA:107,0
DA:108,0
DA:110,0
DA:111,0
DA:112,0
DA:113,0
DA:115,0
DA:119,0
DA:120,0
DA:123,0
LF:81
LH:0
BRDA:13,0,0,0
BRDA:13,0,1,0
BRDA:18,1,0,0
BRDA:18,1,1,0
BRDA:23,2,0,0
BRDA:23,2,1,0
BRDA:28,3,0,0
BRDA:28,3,1,0
BRDA:40,4,0,0
BRDA:40,4,1,0
BRDA:58,5,0,0
BRDA:58,5,1,0
BRDA:74,6,0,0
BRDA:74,6,1,0
BRDA:79,7,0,0
BRDA:79,7,1,0
BRDA:84,8,0,0
BRDA:84,8,1,0
BRDA:89,9,0,0
BRDA:89,9,1,0
BRDA:111,10,0,0
BRDA:111,10,1,0
BRF:22
BRH:0
end_of_record
TN:
SF:commands\table.js
FN:6,(anonymous_0)
FN:8,(anonymous_1)
FN:22,(anonymous_2)
FN:37,(anonymous_3)
FN:52,(anonymous_4)
FN:89,(anonymous_5)
FN:112,(anonymous_6)
FN:113,(anonymous_7)
FNF:8
FNH:0
FNDA:0,(anonymous_0)
FNDA:0,(anonymous_1)
FNDA:0,(anonymous_2)
FNDA:0,(anonymous_3)
FNDA:0,(anonymous_4)
FNDA:0,(anonymous_5)
FNDA:0,(anonymous_6)
FNDA:0,(anonymous_7)
DA:1,0
DA:2,0
DA:3,0
DA:4,0
DA:6,0
DA:8,0
DA:9,0
DA:10,0
DA:11,0
DA:12,0
DA:13,0
DA:14,0
DA:15,0
DA:16,0
DA:18,0
DA:19,0
DA:20,0
DA:22,0
DA:23,0
DA:24,0
DA:30,0
DA:33,0
DA:34,0
DA:35,0
DA:37,0
DA:38,0
DA:39,0
DA:45,0
DA:48,0
DA:49,0
DA:50,0
DA:52,0
DA:53,0
DA:54,0
DA:60,0
DA:63,0
DA:66,0
DA:67,0
DA:69,0
DA:78,0
DA:79,0
DA:80,0
DA:83,0
DA:84,0
DA:89,0
DA:90,0
DA:92,0
DA:94,0
DA:95,0
DA:96,0
DA:98,0
DA:99,0
DA:101,0
DA:102,0
DA:103,0
DA:104,0
DA:106,0
DA:107,0
DA:112,0
DA:113,0
DA:115,0
DA:116,0
DA:117,0
DA:118,0
DA:119,0
DA:120,0
DA:121,0
DA:122,0
DA:125,0
DA:126,0
DA:127,0
DA:131,0
DA:132,0
DA:133,0
DA:136,0
DA:137,0
DA:138,0
DA:141,0
DA:142,0
DA:143,0
DA:146,0
DA:150,0
DA:151,0
DA:153,0
DA:163,0
DA:165,0
DA:167,0
DA:168,0
DA:169,0
LF:89
LH:0
BRDA:18,0,0,0
BRDA:18,0,1,0
BRDA:20,1,0,0
BRDA:20,1,1,0
BRDA:20,2,0,0
BRDA:20,2,1,0
BRDA:33,3,0,0
BRDA:33,3,1,0
BRDA:35,4,0,0
BRDA:35,4,1,0
BRDA:35,5,0,0
BRDA:35,5,1,0
BRDA:48,6,0,0
BRDA:48,6,1,0
BRDA:48,7,0,0
BRDA:48,7,1,0
BRDA:50,8,0,0
BRDA:50,8,1,0
BRDA:50,9,0,0
BRDA:50,9,1,0
BRDA:66,10,0,0
BRDA:66,10,1,0
BRDA:66,10,2,0
BRDA:67,11,0,0
BRDA:67,11,1,0
BRDA:67,12,0,0
BRDA:67,12,1,0
BRDA:67,12,2,0
BRDA:79,13,0,0
BRDA:79,13,1,0
BRDA:79,14,0,0
BRDA:79,14,1,0
BRDA:99,15,0,0
BRDA:99,15,1,0
BRDA:101,16,0,0
BRDA:101,16,1,0
BRDA:101,17,0,0
BRDA:101,17,1,0
BRDA:103,18,0,0
BRDA:103,18,1,0
BRDA:103,19,0,0
BRDA:103,19,1,0
BRDA:103,19,2,0
BRDA:125,20,0,0
BRDA:125,20,1,0
BRDA:131,21,0,0
BRDA:131,21,1,0
BRDA:136,22,0,0
BRDA:136,22,1,0
BRDA:141,23,0,0
BRDA:141,23,1,0
BRDA:141,24,0,0
BRDA:141,24,1,0
BRDA:150,25,0,0
BRDA:150,25,1,0
BRDA:150,25,2,0
BRDA:151,26,0,0
BRDA:151,26,1,0
BRDA:151,27,0,0
BRDA:151,27,1,0
BRDA:151,27,2,0
BRF:61
BRH:0
end_of_record
TN:
SF:commands\team.js
FN:6,(anonymous_0)
FN:7,(anonymous_1)
FN:11,(anonymous_2)
FNF:3
FNH:0
FNDA:0,(anonymous_0)
FNDA:0,(anonymous_1)
FNDA:0,(anonymous_2)
DA:1,0
DA:2,0
DA:3,0
DA:4,0
DA:6,0
DA:7,0
DA:8,0
DA:9,0
DA:10,0
DA:11,0
DA:14,0
DA:15,0
DA:16,0
DA:19,0
DA:20,0
DA:21,0
DA:25,0
DA:26,0
DA:27,0
DA:30,0
DA:31,0
DA:33,0
DA:34,0
DA:35,0
DA:38,0
DA:39,0
DA:40,0
DA:43,0
DA:44,0
DA:45,0
DA:49,0
DA:50,0
DA:51,0
DA:53,0
DA:54,0
DA:55,0
DA:56,0
DA:57,0
DA:59,0
DA:60,0
LF:40
LH:0
BRDA:14,0,0,0
BRDA:14,0,1,0
BRDA:19,1,0,0
BRDA:19,1,1,0
BRDA:25,2,0,0
BRDA:25,2,1,0
BRDA:33,3,0,0
BRDA:33,3,1,0
BRDA:33,4,0,0
BRDA:33,4,1,0
BRDA:38,5,0,0
BRDA:38,5,1,0
BRDA:43,6,0,0
BRDA:43,6,1,0
BRF:14
BRH:0
end_of_record
TN:
SF:commands\teamname.js
FN:4,(anonymous_0)
FN:5,(anonymous_1)
FN:32,(anonymous_2)
FN:81,(anonymous_3)
FN:108,(anonymous_4)
FNF:5
FNH:0
FNDA:0,(anonymous_0)
FNDA:0,(anonymous_1)
FNDA:0,(anonymous_2)
FNDA:0,(anonymous_3)
FNDA:0,(anonymous_4)
DA:1,0
DA:2,0
DA:4,0
DA:5,0
DA:6,0
DA:8,0
DA:9,0
DA:10,0
DA:12,0
DA:13,0
DA:14,0
DA:17,0
DA:20,0
DA:21,0
DA:22,0
DA:26,0
DA:27,0
DA:28,0
DA:32,0
DA:35,0
DA:36,0
DA:37,0
DA:41,0
DA:42,0
DA:43,0
DA:44,0
DA:47,0
DA:48,0
DA:51,0
DA:52,0
DA:53,0
DA:57,0
DA:58,0
DA:59,0
DA:62,0
DA:63,0
DA:66,0
DA:68,0
DA:72,0
DA:74,0
DA:75,0
DA:76,0
DA:81,0
DA:82,0
DA:84,0
DA:85,0
DA:86,0
DA:88,0
DA:89,0
DA:90,0
DA:93,0
DA:96,0
DA:97,0
DA:98,0
DA:102,0
DA:103,0
DA:104,0
DA:108,0
DA:111,0
DA:112,0
DA:113,0
DA:117,0
DA:119,0
DA:120,0
DA:122,0
DA:123,0
DA:124,0
LF:67
LH:0
BRDA:8,0,0,0
BRDA:8,0,1,0
BRDA:8,1,0,0
BRDA:8,1,1,0
BRDA:12,2,0,0
BRDA:12,2,1,0
BRDA:12,3,0,0
BRDA:12,3,1,0
BRDA:20,4,0,0
BRDA:20,4,1,0
BRDA:26,5,0,0
BRDA:26,5,1,0
BRDA:35,6,0,0
BRDA:35,6,1,0
BRDA:41,7,0,0
BRDA:41,7,1,0
BRDA:41,8,0,0
BRDA:41,8,1,0
BRDA:48,9,0,0
BRDA:48,9,1,0
BRDA:51,10,0,0
BRDA:51,10,1,0
BRDA:51,11,0,0
BRDA:51,11,1,0
BRDA:57,12,0,0
BRDA:57,12,1,0
BRDA:63,13,0,0
BRDA:63,13,1,0
BRDA:84,14,0,0
BRDA:84,14,1,0
BRDA:84,15,0,0
BRDA:84,15,1,0
BRDA:88,16,0,0
BRDA:88,16,1,0
BRDA:88,17,0,0
BRDA:88,17,1,0
BRDA:96,18,0,0
BRDA:96,18,1,0
BRDA:102,19,0,0
BRDA:102,19,1,0
BRDA:111,20,0,0
BRDA:111,20,1,0
BRF:42
BRH:0
end_of_record
TN:
SF:commands\time.js
FN:5,(anonymous_0)
FN:6,(anonymous_1)
FN:9,(anonymous_2)
FNF:3
FNH:0
FNDA:0,(anonymous_0)
FNDA:0,(anonymous_1)
FNDA:0,(anonymous_2)
DA:1,0
DA:2,0
DA:3,0
DA:5,0
DA:6,0
DA:7,0
DA:8,0
DA:9,0
DA:10,0
DA:11,0
DA:12,0
DA:13,0
DA:16,0
DA:17,0
DA:18,0
DA:21,0
DA:22,0
DA:23,0
DA:26,0
DA:27,0
DA:28,0
DA:29,0
DA:31,0
DA:33,0
DA:34,0
DA:37,0
DA:41,0
DA:44,0
DA:47,0
DA:48,0
DA:51,0
DA:54,0
LF:32
LH:0
BRDA:11,0,0,0
BRDA:11,0,1,0
BRDA:16,1,0,0
BRDA:16,1,1,0
BRDA:21,2,0,0
BRDA:21,2,1,0
BRDA:33,3,0,0
BRDA:33,3,1,0
BRF:8
BRH:0
end_of_record
TN:
SF:commands\add\index.js
FN:12,(anonymous_0)
FN:13,(anonymous_1)
FN:38,(anonymous_2)
FN:52,(anonymous_3)
FN:71,(anonymous_4)
FN:89,(anonymous_5)
FN:278,(anonymous_6)
FN:279,(anonymous_7)
FN:313,(anonymous_8)
FN:380,(anonymous_9)
FN:381,(anonymous_10)
FN:423,(anonymous_11)
FN:442,(anonymous_12)
FNF:13
FNH:0
FNDA:0,(anonymous_0)
FNDA:0,(anonymous_1)
FNDA:0,(anonymous_2)
FNDA:0,(anonymous_3)
FNDA:0,(anonymous_4)
FNDA:0,(anonymous_5)
FNDA:0,(anonymous_6)
FNDA:0,(anonymous_7)
FNDA:0,(anonymous_8)
FNDA:0,(anonymous_9)
FNDA:0,(anonymous_10)
FNDA:0,(anonymous_11)
FNDA:0,(anonymous_12)
DA:1,0
DA:2,0
DA:3,0
DA:4,0
DA:5,0
DA:6,0
DA:7,0
DA:8,0
DA:9,0
DA:10,0
DA:12,0
DA:13,0
DA:15,0
DA:16,0
DA:17,0
DA:19,0
DA:20,0
DA:21,0
DA:25,0
DA:26,0
DA:29,0
DA:30,0
DA:31,0
DA:32,0
DA:33,0
DA:34,0
DA:36,0
DA:37,0
DA:38,0
DA:39,0
DA:43,0
DA:44,0
DA:46,0
DA:49,0
DA:51,0
DA:52,0
DA:54,0
DA:55,0
DA:59,0
DA:61,0
DA:62,0
DA:67,0
DA:69,0
DA:70,0
DA:71,0
DA:72,0
DA:73,0
DA:77,0
DA:79,0
DA:80,0
DA:85,0
DA:87,0
DA:88,0
DA:89,0
DA:90,0
DA:91,0
DA:95,0
DA:97,0
DA:98,0
DA:102,0
DA:105,0
DA:106,0
DA:109,0
DA:252,0
DA:253,0
DA:254,0
DA:256,0
DA:258,0
DA:259,0
DA:262,0
DA:276,0
DA:278,0
DA:279,0
DA:280,0
DA:282,0
DA:285,0
DA:287,0
DA:288,0
DA:289,0
DA:291,0
DA:292,0
DA:296,0
DA:297,0
DA:298,0
DA:302,0
DA:303,0
DA:304,0
DA:306,0
DA:310,0
DA:312,0
DA:313,0
DA:314,0
DA:315,0
DA:319,0
DA:321,0
DA:322,0
DA:326,0
DA:328,0
DA:329,0
DA:334,0
DA:337,0
DA:339,0
DA:340,0
DA:344,0
DA:347,0
DA:349,0
DA:350,0
DA:354,0
DA:357,0
DA:358,0
DA:360,0
DA:374,0
DA:376,0
DA:377,0
DA:380,0
DA:381,0
DA:383,0
DA:384,0
DA:385,0
DA:389,0
DA:392,0
DA:394,0
DA:395,0
DA:396,0
DA:400,0
DA:402,0
DA:403,0
DA:407,0
DA:410,0
DA:411,0
DA:413,0
DA:414,0
DA:418,0
DA:423,0
DA:424,0
DA:426,0
DA:427,0
DA:428,0
DA:429,0
DA:432,0
DA:434,0
DA:435,0
DA:436,0
DA:439,0
DA:442,0
DA:443,0
DA:444,0
DA:446,0
DA:447,0
DA:448,0
DA:449,0
DA:452,0
DA:454,0
DA:455,0
DA:456,0
DA:460,0
DA:461,0
DA:463,0
DA:466,0
DA:467,0
DA:468,0
DA:471,0
LF:162
LH:0
BRDA:15,0,0,0
BRDA:15,0,1,0
BRDA:15,1,0,0
BRDA:15,1,1,0
BRDA:19,2,0,0
BRDA:19,2,1,0
BRDA:19,3,0,0
BRDA:19,3,1,0
BRDA:25,4,0,0
BRDA:25,4,1,0
BRDA:37,5,0,0
BRDA:37,5,1,0
BRDA:43,6,0,0
BRDA:43,6,1,0
BRDA:43,7,0,0
BRDA:43,7,1,0
BRDA:51,8,0,0
BRDA:51,8,1,0
BRDA:54,9,0,0
BRDA:54,9,1,0
BRDA:61,10,0,0
BRDA:61,10,1,0
BRDA:70,11,0,0
BRDA:70,11,1,0
BRDA:72,12,0,0
BRDA:72,12,1,0
BRDA:79,13,0,0
BRDA:79,13,1,0
BRDA:88,14,0,0
BRDA:88,14,1,0
BRDA:90,15,0,0
BRDA:90,15,1,0
BRDA:97,16,0,0
BRDA:97,16,1,0
BRDA:258,17,0,0
BRDA:258,17,1,0
BRDA:278,18,0,0
BRDA:278,18,1,0
BRDA:280,19,0,0
BRDA:280,19,1,0
BRDA:282,20,0,0
BRDA:282,20,1,0
BRDA:283,21,0,0
BRDA:283,21,1,0
BRDA:284,22,0,0
BRDA:284,22,1,0
BRDA:287,23,0,0
BRDA:287,23,1,0
BRDA:296,24,0,0
BRDA:296,24,1,0
BRDA:312,25,0,0
BRDA:312,25,1,0
BRDA:314,26,0,0
BRDA:314,26,1,0
BRDA:321,27,0,0
BRDA:321,27,1,0
BRDA:328,28,0,0
BRDA:328,28,1,0
BRDA:339,29,0,0
BRDA:339,29,1,0
BRDA:349,30,0,0
BRDA:349,30,1,0
BRDA:349,31,0,0
BRDA:349,31,1,0
BRDA:362,32,0,0
BRDA:362,32,1,0
BRDA:363,33,0,0
BRDA:363,33,1,0
BRDA:376,34,0,0
BRDA:376,34,1,0
BRDA:376,34,2,0
BRDA:377,35,0,0
BRDA:377,35,1,0
BRDA:377,35,2,0
BRDA:380,36,0,0
BRDA:380,36,1,0
BRDA:383,37,0,0
BRDA:383,37,1,0
BRDA:384,38,0,0
BRDA:384,38,1,0
BRDA:392,39,0,0
BRDA:392,39,1,0
BRDA:394,40,0,0
BRDA:394,40,1,0
BRDA:427,41,0,0
BRDA:427,41,1,0
BRDA:434,42,0,0
BRDA:434,42,1,0
BRDA:447,43,0,0
BRDA:447,43,1,0
BRDA:454,44,0,0
BRDA:454,44,1,0
BRDA:460,45,0,0
BRDA:460,45,1,0
BRDA:466,46,0,0
BRDA:466,46,1,0
BRF:96
BRH:0
end_of_record
TN:
SF:commands\add\notifications.js
FN:4,(anonymous_0)
FNF:1
FNH:0
FNDA:0,(anonymous_0)
DA:1,0
DA:2,0
DA:4,0
DA:5,0
DA:6,0
DA:7,0
DA:8,0
DA:10,0
DA:12,0
DA:13,0
DA:14,0
DA:18,0
DA:19,0
DA:20,0
DA:21,0
DA:22,0
DA:26,0
DA:28,0
DA:32,0
DA:34,0
DA:35,0
DA:39,0
DA:42,0
DA:43,0
DA:47,0
DA:48,0
DA:49,0
DA:53,0
DA:54,0
DA:55,0
DA:59,0
DA:64,0
LF:32
LH:0
BRDA:12,0,0,0
BRDA:12,0,1,0
BRDA:13,1,0,0
BRDA:13,1,1,0
BRDA:19,2,0,0
BRDA:19,2,1,0
BRDA:21,3,0,0
BRDA:21,3,1,0
BRDA:34,4,0,0
BRDA:34,4,1,0
BRDA:42,5,0,0
BRDA:42,5,1,0
BRDA:48,6,0,0
BRDA:48,6,1,0
BRDA:54,7,0,0
BRDA:54,7,1,0
BRF:16
BRH:0
end_of_record
TN:
SF:commands\add\playerManagement.js
FN:10,(anonymous_0)
FN:17,(anonymous_1)
FN:18,(anonymous_2)
FN:67,(anonymous_3)
FN:72,(anonymous_4)
FN:126,(anonymous_5)
FN:160,(anonymous_6)
FN:167,(anonymous_7)
FN:168,(anonymous_8)
FN:214,(anonymous_9)
FN:219,(anonymous_10)
FN:274,(anonymous_11)
FNF:12
FNH:0
FNDA:0,(anonymous_0)
FNDA:0,(anonymous_1)
FNDA:0,(anonymous_2)
FNDA:0,(anonymous_3)
FNDA:0,(anonymous_4)
FNDA:0,(anonymous_5)
FNDA:0,(anonymous_6)
FNDA:0,(anonymous_7)
FNDA:0,(anonymous_8)
FNDA:0,(anonymous_9)
FNDA:0,(anonymous_10)
FNDA:0,(anonymous_11)
DA:1,0
DA:2,0
DA:3,0
DA:4,0
DA:5,0
DA:6,0
DA:7,0
DA:10,0
DA:11,0
DA:12,0
DA:13,0
DA:14,0
DA:17,0
DA:18,0
DA:19,0
DA:20,0
DA:24,0
DA:26,0
DA:27,0
DA:28,0
DA:29,0
DA:30,0
DA:31,0
DA:32,0
DA:34,0
DA:42,0
DA:43,0
DA:44,0
DA:45,0
DA:46,0
DA:47,0
DA:49,0
DA:57,0
DA:58,0
DA:62,0
DA:63,0
DA:67,0
DA:68,0
DA:69,0
DA:70,0
DA:72,0
DA:73,0
DA:74,0
DA:75,0
DA:76,0
DA:77,0
DA:78,0
DA:79,0
DA:81,0
DA:88,0
DA:89,0
DA:90,0
DA:91,0
DA:92,0
DA:93,0
DA:96,0
DA:97,0
DA:98,0
DA:99,0
DA:104,0
DA:105,0
DA:106,0
DA:107,0
DA:108,0
DA:110,0
DA:118,0
DA:119,0
DA:123,0
DA:124,0
DA:126,0
DA:127,0
DA:128,0
DA:129,0
DA:130,0
DA:131,0
DA:132,0
DA:133,0
DA:135,0
DA:142,0
DA:143,0
DA:147,0
DA:148,0
DA:150,0
DA:154,0
DA:160,0
DA:161,0
DA:162,0
DA:163,0
DA:164,0
DA:167,0
DA:168,0
DA:170,0
DA:171,0
DA:172,0
DA:175,0
DA:176,0
DA:177,0
DA:178,0
DA:179,0
DA:180,0
DA:181,0
DA:182,0
DA:184,0
DA:192,0
DA:193,0
DA:194,0
DA:195,0
DA:196,0
DA:197,0
DA:198,0
DA:200,0
DA:209,0
DA:210,0
DA:214,0
DA:215,0
DA:216,0
DA:217,0
DA:219,0
DA:220,0
DA:221,0
DA:222,0
DA:223,0
DA:224,0
DA:225,0
DA:226,0
DA:228,0
DA:235,0
DA:236,0
DA:237,0
DA:238,0
DA:239,0
DA:240,0
DA:243,0
DA:244,0
DA:245,0
DA:246,0
DA:251,0
DA:252,0
DA:253,0
DA:254,0
DA:255,0
DA:257,0
DA:265,0
DA:266,0
DA:270,0
DA:271,0
DA:272,0
DA:274,0
DA:275,0
DA:276,0
DA:277,0
DA:278,0
DA:279,0
DA:280,0
DA:281,0
DA:283,0
DA:290,0
DA:291,0
DA:295,0
DA:296,0
DA:297,0
DA:299,0
DA:300,0
DA:304,0
DA:305,0
DA:311,0
LF:166
LH:0
BRDA:17,0,0,0
BRDA:17,0,1,0
BRDA:19,1,0,0
BRDA:19,1,1,0
BRDA:26,2,0,0
BRDA:26,2,1,0
BRDA:28,3,0,0
BRDA:28,3,1,0
BRDA:30,4,0,0
BRDA:30,4,1,0
BRDA:30,5,0,0
BRDA:30,5,1,0
BRDA:43,6,0,0
BRDA:43,6,1,0
BRDA:45,7,0,0
BRDA:45,7,1,0
BRDA:45,8,0,0
BRDA:45,8,1,0
BRDA:73,9,0,0
BRDA:73,9,1,0
BRDA:75,10,0,0
BRDA:75,10,1,0
BRDA:77,11,0,0
BRDA:77,11,1,0
BRDA:77,12,0,0
BRDA:77,12,1,0
BRDA:88,13,0,0
BRDA:88,13,1,0
BRDA:91,14,0,0
BRDA:91,14,1,0
BRDA:91,15,0,0
BRDA:91,15,1,0
BRDA:92,16,0,0
BRDA:92,16,1,0
BRDA:92,17,0,0
BRDA:92,17,1,0
BRDA:97,18,0,0
BRDA:97,18,1,0
BRDA:104,19,0,0
BRDA:104,19,1,0
BRDA:106,20,0,0
BRDA:106,20,1,0
BRDA:106,21,0,0
BRDA:106,21,1,0
BRDA:127,22,0,0
BRDA:127,22,1,0
BRDA:129,23,0,0
BRDA:129,23,1,0
BRDA:131,24,0,0
BRDA:131,24,1,0
BRDA:131,25,0,0
BRDA:131,25,1,0
BRDA:167,26,0,0
BRDA:167,26,1,0
BRDA:170,27,0,0
BRDA:170,27,1,0
BRDA:175,28,0,0
BRDA:175,28,1,0
BRDA:178,29,0,0
BRDA:178,29,1,0
BRDA:180,30,0,0
BRDA:180,30,1,0
BRDA:180,31,0,0
BRDA:180,31,1,0
BRDA:194,32,0,0
BRDA:194,32,1,0
BRDA:196,33,0,0
BRDA:196,33,1,0
BRDA:196,34,0,0
BRDA:196,34,1,0
BRDA:220,35,0,0
BRDA:220,35,1,0
BRDA:222,36,0,0
BRDA:222,36,1,0
BRDA:224,37,0,0
BRDA:224,37,1,0
BRDA:224,38,0,0
BRDA:224,38,1,0
BRDA:235,39,0,0
BRDA:235,39,1,0
BRDA:238,40,0,0
BRDA:238,40,1,0
BRDA:238,41,0,0
BRDA:238,41,1,0
BRDA:239,42,0,0
BRDA:239,42,1,0
BRDA:239,43,0,0
BRDA:239,43,1,0
BRDA:244,44,0,0
BRDA:244,44,1,0
BRDA:251,45,0,0
BRDA:251,45,1,0
BRDA:253,46,0,0
BRDA:253,46,1,0
BRDA:253,47,0,0
BRDA:253,47,1,0
BRDA:275,48,0,0
BRDA:275,48,1,0
BRDA:277,49,0,0
BRDA:277,49,1,0
BRDA:279,50,0,0
BRDA:279,50,1,0
BRDA:279,51,0,0
BRDA:279,51,1,0
BRDA:304,52,0,0
BRDA:304,52,1,0
BRF:106
BRH:0
end_of_record
TN:
SF:commands\add\validation.js
FN:4,(anonymous_0)
FN:16,(anonymous_1)
FN:28,(anonymous_2)
FN:49,(anonymous_3)
FNF:4
FNH:0
FNDA:0,(anonymous_0)
FNDA:0,(anonymous_1)
FNDA:0,(anonymous_2)
FNDA:0,(anonymous_3)
DA:1,0
DA:4,0
DA:11,0
DA:12,0
DA:16,0
DA:17,0
DA:23,0
DA:24,0
DA:28,0
DA:29,0
DA:30,0
DA:33,0
DA:34,0
DA:38,0
DA:39,0
DA:41,0
DA:49,0
DA:51,0
DA:52,0
DA:53,0
DA:56,0
DA:57,0
DA:60,0
DA:61,0
DA:62,0
DA:63,0
DA:64,0
DA:65,0
DA:68,0
DA:72,0
DA:73,0
DA:77,0
DA:78,0
DA:81,0
DA:84,0
DA:85,0
DA:89,0
DA:90,0
DA:92,0
DA:106,0
DA:107,0
DA:109,0
DA:111,0
DA:114,0
LF:44
LH:0
BRDA:17,0,0,0
BRDA:17,0,1,0
BRDA:17,1,0,0
BRDA:17,1,1,0
BRDA:29,2,0,0
BRDA:29,2,1,0
BRDA:30,3,0,0
BRDA:30,3,1,0
BRDA:33,4,0,0
BRDA:33,4,1,0
BRDA:33,5,0,0
BRDA:33,5,1,0
BRDA:38,6,0,0
BRDA:38,6,1,0
BRDA:38,6,2,0
BRDA:39,7,0,0
BRDA:39,7,1,0
BRDA:39,8,0,0
BRDA:39,8,1,0
BRDA:51,9,0,0
BRDA:51,9,1,0
BRDA:51,10,0,0
BRDA:51,10,1,0
BRDA:61,11,0,0
BRDA:61,11,1,0
BRDA:61,12,0,0
BRDA:61,12,1,0
BRDA:64,13,0,0
BRDA:64,13,1,0
BRDA:64,14,0,0
BRDA:64,14,1,0
BRDA:72,15,0,0
BRDA:72,15,1,0
BRDA:78,16,0,0
BRDA:78,16,1,0
BRDA:84,17,0,0
BRDA:84,17,1,0
BRDA:109,18,0,0
BRDA:109,18,1,0
BRF:39
BRH:0
end_of_record
TN:
SF:commands\finish\cancelReverse.js
FN:10,(anonymous_0)
FN:100,(anonymous_1)
FN:217,(anonymous_2)
FN:315,(anonymous_3)
FNF:4
FNH:0
FNDA:0,(anonymous_0)
FNDA:0,(anonymous_1)
FNDA:0,(anonymous_2)
FNDA:0,(anonymous_3)
DA:1,0
DA:4,0
DA:5,0
DA:6,0
DA:7,0
DA:10,0
DA:11,0
DA:12,0
DA:13,0
DA:16,0
DA:17,0
DA:18,0
DA:19,0
DA:23,0
DA:25,0
DA:28,0
DA:29,0
DA:33,0
DA:36,0
DA:37,0
DA:41,0
DA:48,0
DA:49,0
DA:51,0
DA:54,0
DA:55,0
DA:57,0
DA:61,0
DA:63,0
DA:64,0
DA:65,0
DA:66,0
DA:72,0
DA:76,0
DA:80,0
DA:81,0
DA:82,0
DA:83,0
DA:84,0
DA:90,0
DA:95,0
DA:96,0
DA:100,0
DA:101,0
DA:102,0
DA:104,0
DA:105,0
DA:109,0
DA:112,0
DA:113,0
DA:114,0
DA:118,0
DA:122,0
DA:123,0
DA:124,0
DA:125,0
DA:126,0
DA:130,0
DA:131,0
DA:132,0
DA:135,0
DA:139,0
DA:140,0
DA:141,0
DA:142,0
DA:143,0
DA:148,0
DA:151,0
DA:155,0
DA:156,0
DA:161,0
DA:162,0
DA:163,0
DA:164,0
DA:165,0
DA:167,0
DA:168,0
DA:169,0
DA:172,0
DA:180,0
DA:182,0
DA:184,0
DA:185,0
DA:187,0
DA:196,0
DA:210,0
DA:212,0
DA:217,0
DA:218,0
DA:219,0
DA:220,0
DA:223,0
DA:225,0
DA:227,0
DA:228,0
DA:229,0
DA:230,0
DA:231,0
DA:232,0
DA:234,0
DA:237,0
DA:238,0
DA:239,0
DA:240,0
DA:241,0
DA:244,0
DA:245,0
DA:248,0
DA:250,0
DA:251,0
DA:253,0
DA:254,0
DA:256,0
DA:257,0
DA:258,0
DA:263,0
DA:264,0
DA:267,0
DA:268,0
DA:269,0
DA:270,0
DA:271,0
DA:274,0
DA:275,0
DA:276,0
DA:279,0
DA:283,0
DA:284,0
DA:285,0
DA:287,0
DA:291,0
DA:303,0
DA:304,0
DA:306,0
DA:310,0
DA:315,0
DA:316,0
DA:318,0
DA:319,0
DA:322,0
DA:323,0
DA:325,0
DA:327,0
DA:334,0
DA:335,0
DA:337,0
DA:338,0
DA:340,0
DA:343,0
DA:345,0
DA:352,0
DA:355,0
LF:152
LH:0
BRDA:13,0,0,0
BRDA:13,0,1,0
BRDA:16,1,0,0
BRDA:16,1,1,0
BRDA:16,2,0,0
BRDA:16,2,1,0
BRDA:17,3,0,0
BRDA:17,3,1,0
BRDA:18,4,0,0
BRDA:18,4,1,0
BRDA:28,5,0,0
BRDA:28,5,1,0
BRDA:36,6,0,0
BRDA:36,6,1,0
BRDA:55,7,0,0
BRDA:55,7,1,0
BRDA:55,8,0,0
BRDA:55,8,1,0
BRDA:55,8,2,0
BRDA:57,9,0,0
BRDA:57,9,1,0
BRDA:57,9,2,0
BRDA:61,10,0,0
BRDA:61,10,1,0
BRDA:80,11,0,0
BRDA:80,11,1,0
BRDA:80,12,0,0
BRDA:80,12,1,0
BRDA:80,12,2,0
BRDA:102,13,0,0
BRDA:102,13,1,0
BRDA:104,14,0,0
BRDA:104,14,1,0
BRDA:113,15,0,0
BRDA:113,15,1,0
BRDA:124,16,0,0
BRDA:124,16,1,0
BRDA:130,17,0,0
BRDA:130,17,1,0
BRDA:135,18,0,0
BRDA:135,18,1,0
BRDA:135,18,2,0
BRDA:135,18,3,0
BRDA:139,19,0,0
BRDA:139,19,1,0
BRDA:139,20,0,0
BRDA:139,20,1,0
BRDA:139,20,2,0
BRDA:155,21,0,0
BRDA:155,21,1,0
BRDA:164,22,0,0
BRDA:164,22,1,0
BRDA:180,23,0,0
BRDA:180,23,1,0
BRDA:223,24,0,0
BRDA:223,24,1,0
BRDA:223,24,2,0
BRDA:225,25,0,0
BRDA:225,25,1,0
BRDA:234,26,0,0
BRDA:234,26,1,0
BRDA:238,27,0,0
BRDA:238,27,1,0
BRDA:238,28,0,0
BRDA:238,28,1,0
BRDA:245,29,0,0
BRDA:245,29,1,0
BRDA:245,30,0,0
BRDA:245,30,1,0
BRDA:251,31,0,0
BRDA:251,31,1,0
BRDA:264,32,0,0
BRDA:264,32,1,0
BRDA:268,33,0,0
BRDA:268,33,1,0
BRDA:268,34,0,0
BRDA:268,34,1,0
BRDA:275,35,0,0
BRDA:275,35,1,0
BRDA:275,36,0,0
BRDA:275,36,1,0
BRDA:276,37,0,0
BRDA:276,37,1,0
BRDA:276,38,0,0
BRDA:276,38,1,0
BRDA:284,39,0,0
BRDA:284,39,1,0
BRDA:316,40,0,0
BRDA:316,40,1,0
BRDA:322,41,0,0
BRDA:322,41,1,0
BRDA:325,42,0,0
BRDA:325,42,1,0
BRDA:329,43,0,0
BRDA:329,43,1,0
BRDA:334,44,0,0
BRDA:334,44,1,0
BRDA:338,45,0,0
BRDA:338,45,1,0
BRDA:343,46,0,0
BRDA:343,46,1,0
BRDA:347,47,0,0
BRDA:347,47,1,0
BRF:103
BRH:0
end_of_record
TN:
SF:commands\finish\finishMatch.js
FN:16,(anonymous_0)
FN:45,(anonymous_1)
FN:49,(anonymous_2)
FN:58,(anonymous_3)
FN:64,(anonymous_4)
FN:155,(anonymous_5)
FN:193,(anonymous_6)
FN:197,(anonymous_7)
FN:206,(anonymous_8)
FN:212,(anonymous_9)
FN:307,(anonymous_10)
FN:308,(anonymous_11)
FN:351,(anonymous_12)
FN:355,(anonymous_13)
FN:399,(anonymous_14)
FN:402,(anonymous_15)
FN:410,(anonymous_16)
FNF:17
FNH:12
FNDA:0,(anonymous_0)
FNDA:0,(anonymous_1)
FNDA:0,(anonymous_2)
FNDA:0,(anonymous_3)
FNDA:0,(anonymous_4)
FNDA:1,(anonymous_5)
FNDA:1,(anonymous_6)
FNDA:1,(anonymous_7)
FNDA:1,(anonymous_8)
FNDA:1,(anonymous_9)
FNDA:2,(anonymous_10)
FNDA:2,(anonymous_11)
FNDA:3,(anonymous_12)
FNDA:2,(anonymous_13)
FNDA:3,(anonymous_14)
FNDA:3,(anonymous_15)
FNDA:3,(anonymous_16)
DA:1,1
DA:4,1
DA:5,1
DA:6,1
DA:13,1
DA:16,1
DA:17,0
DA:18,0
DA:19,0
DA:23,0
DA:27,0
DA:38,0
DA:39,0
DA:40,0
DA:41,0
DA:42,0
DA:44,0
DA:45,0
DA:48,0
DA:49,0
DA:53,0
DA:58,0
DA:64,0
DA:72,0
DA:80,0
DA:89,0
DA:100,0
DA:112,0
DA:113,0
DA:116,0
DA:118,0
DA:119,0
DA:122,0
DA:123,0
DA:125,0
DA:134,0
DA:135,0
DA:136,0
DA:145,0
DA:147,0
DA:151,0
DA:155,1
DA:156,1
DA:157,1
DA:159,1
DA:160,0
DA:161,0
DA:162,0
DA:165,1
DA:166,1
DA:167,0
DA:171,0
DA:172,0
DA:176,1
DA:186,1
DA:187,1
DA:188,1
DA:189,1
DA:190,1
DA:192,1
DA:193,1
DA:196,1
DA:197,1
DA:201,1
DA:206,1
DA:212,1
DA:220,1
DA:228,1
DA:237,1
DA:248,1
DA:260,1
DA:261,1
DA:264,1
DA:265,1
DA:267,1
DA:276,1
DA:277,1
DA:278,0
DA:287,1
DA:289,1
DA:290,1
DA:291,0
DA:292,0
DA:296,0
DA:299,1
DA:300,1
DA:301,0
DA:302,0
DA:303,0
DA:304,0
DA:307,1
DA:308,2
DA:315,1
DA:316,1
DA:319,1
DA:320,3
DA:321,3
DA:325,1
DA:327,1
DA:331,1
DA:332,1
DA:333,1
DA:335,1
DA:336,1
DA:337,1
DA:339,1
DA:340,3
DA:343,1
DA:344,1
DA:345,3
DA:346,3
DA:350,1
DA:351,3
DA:353,1
DA:355,2
DA:358,0
DA:359,0
DA:360,0
DA:361,0
DA:362,0
DA:364,0
DA:365,0
DA:369,1
DA:370,1
DA:371,1
DA:374,1
DA:375,3
DA:376,3
DA:380,1
DA:381,1
DA:382,1
DA:383,1
DA:390,1
DA:391,3
DA:392,3
DA:396,1
DA:397,1
DA:398,1
DA:399,3
DA:401,1
DA:402,3
DA:405,1
DA:406,1
DA:407,1
DA:410,1
DA:411,3
DA:414,3
DA:415,0
DA:420,3
DA:421,3
DA:422,1
DA:424,1
DA:427,2
DA:431,3
DA:435,3
DA:436,3
DA:437,3
DA:438,3
DA:441,3
DA:442,3
DA:443,3
DA:446,3
DA:447,3
DA:448,3
DA:452,3
DA:453,0
DA:455,3
DA:456,2
DA:460,3
DA:461,3
DA:463,3
DA:467,1
DA:468,3
DA:469,3
DA:471,3
DA:472,2
DA:473,2
DA:474,2
DA:479,1
DA:481,1
DA:482,0
DA:485,0
DA:488,1
DA:489,1
DA:491,1
DA:493,1
DA:494,1
DA:497,1
DA:498,1
DA:500,1
DA:509,1
DA:524,1
DA:529,1
DA:530,1
DA:537,1
DA:540,1
LF:196
LH:136
BRDA:18,0,0,0
BRDA:18,0,1,0
BRDA:45,1,0,0
BRDA:45,1,1,0
BRDA:49,2,0,0
BRDA:49,2,1,0
BRDA:59,3,0,0
BRDA:59,3,1,0
BRDA:60,4,0,0
BRDA:60,4,1,0
BRDA:61,5,0,0
BRDA:61,5,1,0
BRDA:62,6,0,0
BRDA:62,6,1,0
BRDA:65,7,0,0
BRDA:65,7,1,0
BRDA:66,8,0,0
BRDA:66,8,1,0
BRDA:67,9,0,0
BRDA:67,9,1,0
BRDA:68,10,0,0
BRDA:68,10,1,0
BRDA:135,11,0,0
BRDA:135,11,1,0
BRDA:156,12,0,0
BRDA:156,12,1,1
BRDA:157,13,0,0
BRDA:157,13,1,1
BRDA:159,14,0,0
BRDA:159,14,1,1
BRDA:166,15,0,0
BRDA:166,15,1,1
BRDA:193,16,0,1
BRDA:193,16,1,0
BRDA:197,17,0,1
BRDA:197,17,1,1
BRDA:207,18,0,1
BRDA:207,18,1,1
BRDA:208,19,0,1
BRDA:208,19,1,0
BRDA:209,20,0,1
BRDA:209,20,1,0
BRDA:210,21,0,1
BRDA:210,21,1,0
BRDA:213,22,0,1
BRDA:213,22,1,1
BRDA:214,23,0,1
BRDA:214,23,1,1
BRDA:215,24,0,1
BRDA:215,24,1,0
BRDA:216,25,0,1
BRDA:216,25,1,0
BRDA:277,26,0,0
BRDA:277,26,1,1
BRDA:290,27,0,0
BRDA:290,27,1,1
BRDA:300,28,0,0
BRDA:300,28,1,1
BRDA:320,29,0,3
BRDA:320,29,1,0
BRDA:321,30,0,3
BRDA:321,30,1,0
BRDA:326,31,0,1
BRDA:326,31,1,1
BRDA:328,32,0,1
BRDA:328,32,1,1
BRDA:335,33,0,1
BRDA:335,33,1,0
BRDA:336,34,0,1
BRDA:336,34,1,1
BRDA:337,35,0,1
BRDA:337,35,1,1
BRDA:340,36,0,1
BRDA:340,36,1,2
BRDA:340,37,0,3
BRDA:340,37,1,2
BRDA:351,38,0,3
BRDA:351,38,1,2
BRDA:353,39,0,0
BRDA:353,39,1,1
BRDA:355,40,0,2
BRDA:355,40,1,1
BRDA:381,41,0,1
BRDA:381,41,1,0
BRDA:381,42,0,1
BRDA:381,42,1,1
BRDA:382,43,0,1
BRDA:382,43,1,1
BRDA:383,44,0,1
BRDA:383,44,1,1
BRDA:391,45,0,3
BRDA:391,45,1,1
BRDA:398,46,0,1
BRDA:398,46,1,0
BRDA:401,47,0,1
BRDA:401,47,1,0
BRDA:414,48,0,0
BRDA:414,48,1,3
BRDA:414,49,0,3
BRDA:414,49,1,3
BRDA:421,50,0,1
BRDA:421,50,1,2
BRDA:421,51,0,3
BRDA:421,51,1,1
BRDA:435,52,0,3
BRDA:435,52,1,0
BRDA:436,53,0,3
BRDA:436,53,1,2
BRDA:437,54,0,3
BRDA:437,54,1,3
BRDA:438,55,0,3
BRDA:438,55,1,1
BRDA:452,56,0,0
BRDA:452,56,1,3
BRDA:452,57,0,3
BRDA:452,57,1,0
BRDA:455,58,0,2
BRDA:455,58,1,1
BRDA:455,59,0,3
BRDA:455,59,1,2
BRDA:468,60,0,3
BRDA:468,60,1,2
BRDA:471,61,0,2
BRDA:471,61,1,1
BRDA:481,62,0,0
BRDA:481,62,1,1
BRDA:481,63,0,1
BRDA:481,63,1,1
BRF:128
BRH:79
end_of_record
TN:
SF:commands\finish\index.js
FN:17,(anonymous_0)
FN:19,(anonymous_1)
FN:39,(anonymous_2)
FN:118,(anonymous_3)
FN:122,(anonymous_4)
FN:132,(anonymous_5)
FN:157,(anonymous_6)
FN:167,(anonymous_7)
FN:173,(anonymous_8)
FN:182,(anonymous_9)
FN:187,(anonymous_10)
FN:266,(anonymous_11)
FN:270,(anonymous_12)
FN:280,(anonymous_13)
FN:286,(anonymous_14)
FN:296,(anonymous_15)
FN:302,(anonymous_16)
FN:311,(anonymous_17)
FN:347,(anonymous_18)
FN:380,(anonymous_19)
FN:407,(anonymous_20)
FN:440,(anonymous_21)
FN:468,(anonymous_22)
FN:496,(anonymous_23)
FNF:24
FNH:0
FNDA:0,(anonymous_0)
FNDA:0,(anonymous_1)
FNDA:0,(anonymous_2)
FNDA:0,(anonymous_3)
FNDA:0,(anonymous_4)
FNDA:0,(anonymous_5)
FNDA:0,(anonymous_6)
FNDA:0,(anonymous_7)
FNDA:0,(anonymous_8)
FNDA:0,(anonymous_9)
FNDA:0,(anonymous_10)
FNDA:0,(anonymous_11)
FNDA:0,(anonymous_12)
FNDA:0,(anonymous_13)
FNDA:0,(anonymous_14)
FNDA:0,(anonymous_15)
FNDA:0,(anonymous_16)
FNDA:0,(anonymous_17)
FNDA:0,(anonymous_18)
FNDA:0,(anonymous_19)
FNDA:0,(anonymous_20)
FNDA:0,(anonymous_21)
FNDA:0,(anonymous_22)
FNDA:0,(anonymous_23)
DA:1,0
DA:2,0
DA:3,0
DA:4,0
DA:8,0
DA:9,0
DA:15,0
DA:17,0
DA:19,0
DA:21,0
DA:22,0
DA:23,0
DA:26,0
DA:27,0
DA:28,0
DA:30,0
DA:31,0
DA:32,0
DA:35,0
DA:39,0
DA:41,0
DA:42,0
DA:43,0
DA:46,0
DA:47,0
DA:48,0
DA:51,0
DA:52,0
DA:53,0
DA:57,0
DA:58,0
DA:59,0
DA:63,0
DA:64,0
DA:65,0
DA:66,0
DA:67,0
DA:71,0
DA:72,0
DA:75,0
DA:78,0
DA:79,0
DA:80,0
DA:81,0
DA:82,0
DA:86,0
DA:87,0
DA:90,0
DA:93,0
DA:94,0
DA:95,0
DA:96,0
DA:100,0
DA:117,0
DA:118,0
DA:119,0
DA:128,0
DA:132,0
DA:134,0
DA:135,0
DA:136,0
DA:139,0
DA:142,0
DA:143,0
DA:144,0
DA:147,0
DA:148,0
DA:149,0
DA:153,0
DA:154,0
DA:162,0
DA:163,0
DA:167,0
DA:169,0
DA:170,0
DA:178,0
DA:182,0
DA:183,0
DA:187,0
DA:189,0
DA:190,0
DA:191,0
DA:194,0
DA:195,0
DA:196,0
DA:199,0
DA:200,0
DA:201,0
DA:205,0
DA:206,0
DA:207,0
DA:211,0
DA:212,0
DA:213,0
DA:214,0
DA:215,0
DA:219,0
DA:220,0
DA:223,0
DA:226,0
DA:227,0
DA:228,0
DA:229,0
DA:230,0
DA:234,0
DA:235,0
DA:238,0
DA:241,0
DA:242,0
DA:243,0
DA:244,0
DA:248,0
DA:265,0
DA:266,0
DA:267,0
DA:276,0
DA:280,0
DA:282,0
DA:283,0
DA:291,0
DA:292,0
DA:296,0
DA:298,0
DA:299,0
DA:307,0
DA:311,0
DA:313,0
DA:314,0
DA:315,0
DA:318,0
DA:319,0
DA:321,0
DA:322,0
DA:323,0
DA:326,0
DA:327,0
DA:334,0
DA:335,0
DA:339,0
DA:343,0
DA:347,0
DA:349,0
DA:350,0
DA:351,0
DA:354,0
DA:357,0
DA:358,0
DA:359,0
DA:362,0
DA:363,0
DA:364,0
DA:367,0
DA:368,0
DA:369,0
DA:370,0
DA:374,0
DA:375,0
DA:376,0
DA:377,0
DA:386,0
DA:393,0
DA:394,0
DA:395,0
DA:399,0
DA:403,0
DA:407,0
DA:409,0
DA:410,0
DA:411,0
DA:414,0
DA:417,0
DA:418,0
DA:419,0
DA:422,0
DA:423,0
DA:424,0
DA:427,0
DA:428,0
DA:429,0
DA:430,0
DA:434,0
DA:435,0
DA:436,0
DA:437,0
DA:446,0
DA:448,0
DA:455,0
DA:456,0
DA:460,0
DA:464,0
DA:468,0
DA:470,0
DA:471,0
DA:472,0
DA:475,0
DA:478,0
DA:479,0
DA:480,0
DA:483,0
DA:484,0
DA:485,0
DA:489,0
DA:490,0
DA:491,0
DA:492,0
DA:493,0
DA:502,0
LF:207
LH:0
BRDA:21,0,0,0
BRDA:21,0,1,0
BRDA:21,1,0,0
BRDA:21,1,1,0
BRDA:27,2,0,0
BRDA:27,2,1,0
BRDA:28,3,0,0
BRDA:28,3,1,0
BRDA:30,4,0,0
BRDA:30,4,1,0
BRDA:41,5,0,0
BRDA:41,5,1,0
BRDA:41,6,0,0
BRDA:41,6,1,0
BRDA:51,7,0,0
BRDA:51,7,1,0
BRDA:57,8,0,0
BRDA:57,8,1,0
BRDA:63,9,0,0
BRDA:63,9,1,0
BRDA:65,10,0,0
BRDA:65,10,1,0
BRDA:66,11,0,0
BRDA:66,11,1,0
BRDA:71,12,0,0
BRDA:71,12,1,0
BRDA:78,13,0,0
BRDA:78,13,1,0
BRDA:80,14,0,0
BRDA:80,14,1,0
BRDA:81,15,0,0
BRDA:81,15,1,0
BRDA:86,16,0,0
BRDA:86,16,1,0
BRDA:93,17,0,0
BRDA:93,17,1,0
BRDA:94,18,0,0
BRDA:94,18,1,0
BRDA:94,19,0,0
BRDA:94,19,1,0
BRDA:117,20,0,0
BRDA:117,20,1,0
BRDA:134,21,0,0
BRDA:134,21,1,0
BRDA:134,22,0,0
BRDA:134,22,1,0
BRDA:142,23,0,0
BRDA:142,23,1,0
BRDA:147,24,0,0
BRDA:147,24,1,0
BRDA:153,25,0,0
BRDA:153,25,1,0
BRDA:169,26,0,0
BRDA:169,26,1,0
BRDA:189,27,0,0
BRDA:189,27,1,0
BRDA:189,28,0,0
BRDA:189,28,1,0
BRDA:199,29,0,0
BRDA:199,29,1,0
BRDA:205,30,0,0
BRDA:205,30,1,0
BRDA:211,31,0,0
BRDA:211,31,1,0
BRDA:213,32,0,0
BRDA:213,32,1,0
BRDA:214,33,0,0
BRDA:214,33,1,0
BRDA:219,34,0,0
BRDA:219,34,1,0
BRDA:226,35,0,0
BRDA:226,35,1,0
BRDA:228,36,0,0
BRDA:228,36,1,0
BRDA:229,37,0,0
BRDA:229,37,1,0
BRDA:234,38,0,0
BRDA:234,38,1,0
BRDA:241,39,0,0
BRDA:241,39,1,0
BRDA:242,40,0,0
BRDA:242,40,1,0
BRDA:242,41,0,0
BRDA:242,41,1,0
BRDA:265,42,0,0
BRDA:265,42,1,0
BRDA:282,43,0,0
BRDA:282,43,1,0
BRDA:298,44,0,0
BRDA:298,44,1,0
BRDA:313,45,0,0
BRDA:313,45,1,0
BRDA:313,46,0,0
BRDA:313,46,1,0
BRDA:319,47,0,0
BRDA:319,47,1,0
BRDA:321,48,0,0
BRDA:321,48,1,0
BRDA:334,49,0,0
BRDA:334,49,1,0
BRDA:349,50,0,0
BRDA:349,50,1,0
BRDA:349,51,0,0
BRDA:349,51,1,0
BRDA:357,52,0,0
BRDA:357,52,1,0
BRDA:362,53,0,0
BRDA:362,53,1,0
BRDA:367,54,0,0
BRDA:367,54,1,0
BRDA:368,55,0,0
BRDA:368,55,1,0
BRDA:368,56,0,0
BRDA:368,56,1,0
BRDA:376,57,0,0
BRDA:376,57,1,0
BRDA:376,58,0,0
BRDA:376,58,1,0
BRDA:393,59,0,0
BRDA:393,59,1,0
BRDA:409,60,0,0
BRDA:409,60,1,0
BRDA:409,61,0,0
BRDA:409,61,1,0
BRDA:417,62,0,0
BRDA:417,62,1,0
BRDA:422,63,0,0
BRDA:422,63,1,0
BRDA:427,64,0,0
BRDA:427,64,1,0
BRDA:428,65,0,0
BRDA:428,65,1,0
BRDA:428,66,0,0
BRDA:428,66,1,0
BRDA:436,67,0,0
BRDA:436,67,1,0
BRDA:436,68,0,0
BRDA:436,68,1,0
BRDA:455,69,0,0
BRDA:455,69,1,0
BRDA:470,70,0,0
BRDA:470,70,1,0
BRDA:470,71,0,0
BRDA:470,71,1,0
BRDA:478,72,0,0
BRDA:478,72,1,0
BRDA:483,73,0,0
BRDA:483,73,1,0
BRDA:492,74,0,0
BRDA:492,74,1,0
BRDA:492,75,0,0
BRDA:492,75,1,0
BRF:152
BRH:0
end_of_record
TN:
SF:commands\goal\assists.js
FN:7,(anonymous_0)
FN:33,(anonymous_1)
FN:85,(anonymous_2)
FN:89,(anonymous_3)
FN:149,(anonymous_4)
FN:242,(anonymous_5)
FNF:6
FNH:0
FNDA:0,(anonymous_0)
FNDA:0,(anonymous_1)
FNDA:0,(anonymous_2)
FNDA:0,(anonymous_3)
FNDA:0,(anonymous_4)
FNDA:0,(anonymous_5)
DA:1,0
DA:2,0
DA:3,0
DA:4,0
DA:7,0
DA:9,0
DA:10,0
DA:11,0
DA:13,0
DA:14,0
DA:15,0
DA:18,0
DA:19,0
DA:20,0
DA:21,0
DA:24,0
DA:25,0
DA:28,0
DA:29,0
DA:30,0
DA:33,0
DA:35,0
DA:36,0
DA:40,0
DA:43,0
DA:44,0
DA:48,0
DA:51,0
DA:52,0
DA:53,0
DA:55,0
DA:56,0
DA:60,0
DA:64,0
DA:70,0
DA:71,0
DA:75,0
DA:78,0
DA:79,0
DA:81,0
DA:85,0
DA:86,0
DA:87,0
DA:88,0
DA:89,0
DA:91,0
DA:92,0
DA:96,0
DA:99,0
DA:100,0
DA:104,0
DA:107,0
DA:108,0
DA:109,0
DA:111,0
DA:112,0
DA:116,0
DA:120,0
DA:126,0
DA:127,0
DA:131,0
DA:134,0
DA:135,0
DA:139,0
DA:142,0
DA:143,0
DA:145,0
DA:149,0
DA:151,0
DA:152,0
DA:153,0
DA:155,0
DA:156,0
DA:157,0
DA:160,0
DA:161,0
DA:162,0
DA:165,0
DA:166,0
DA:167,0
DA:170,0
DA:171,0
DA:175,0
DA:176,0
DA:179,0
DA:180,0
DA:184,0
DA:185,0
DA:188,0
DA:189,0
DA:193,0
DA:194,0
DA:197,0
DA:198,0
DA:201,0
DA:207,0
DA:208,0
DA:212,0
DA:213,0
DA:216,0
DA:217,0
DA:221,0
DA:222,0
DA:225,0
DA:226,0
DA:228,0
DA:232,0
DA:233,0
DA:236,0
DA:237,0
DA:238,0
DA:242,0
DA:244,0
DA:245,0
DA:246,0
DA:248,0
DA:249,0
DA:250,0
DA:253,0
DA:254,0
DA:257,0
DA:258,0
DA:259,0
DA:262,0
DA:263,0
DA:267,0
DA:268,0
DA:271,0
DA:272,0
DA:276,0
DA:277,0
DA:280,0
DA:281,0
DA:282,0
DA:284,0
DA:285,0
DA:289,0
DA:290,0
DA:294,0
DA:300,0
DA:301,0
DA:305,0
DA:306,0
DA:309,0
DA:310,0
DA:314,0
DA:315,0
DA:318,0
DA:319,0
DA:321,0
DA:322,0
DA:325,0
LF:152
LH:0
BRDA:9,0,0,0
BRDA:9,0,1,0
BRDA:9,1,0,0
BRDA:9,1,1,0
BRDA:13,2,0,0
BRDA:13,2,1,0
BRDA:13,3,0,0
BRDA:13,3,1,0
BRDA:19,4,0,0
BRDA:19,4,1,0
BRDA:19,5,0,0
BRDA:19,5,1,0
BRDA:28,6,0,0
BRDA:28,6,1,0
BRDA:35,7,0,0
BRDA:35,7,1,0
BRDA:43,8,0,0
BRDA:43,8,1,0
BRDA:55,9,0,0
BRDA:55,9,1,0
BRDA:64,10,0,0
BRDA:64,10,1,0
BRDA:66,11,0,0
BRDA:66,11,1,0
BRDA:70,12,0,0
BRDA:70,12,1,0
BRDA:70,13,0,0
BRDA:70,13,1,0
BRDA:78,14,0,0
BRDA:78,14,1,0
BRDA:91,15,0,0
BRDA:91,15,1,0
BRDA:99,16,0,0
BRDA:99,16,1,0
BRDA:111,17,0,0
BRDA:111,17,1,0
BRDA:120,18,0,0
BRDA:120,18,1,0
BRDA:122,19,0,0
BRDA:122,19,1,0
BRDA:126,20,0,0
BRDA:126,20,1,0
BRDA:126,21,0,0
BRDA:126,21,1,0
BRDA:134,22,0,0
BRDA:134,22,1,0
BRDA:151,23,0,0
BRDA:151,23,1,0
BRDA:151,24,0,0
BRDA:151,24,1,0
BRDA:155,25,0,0
BRDA:155,25,1,0
BRDA:155,26,0,0
BRDA:155,26,1,0
BRDA:165,27,0,0
BRDA:165,27,1,0
BRDA:170,28,0,0
BRDA:170,28,1,0
BRDA:179,29,0,0
BRDA:179,29,1,0
BRDA:188,30,0,0
BRDA:188,30,1,0
BRDA:201,31,0,0
BRDA:201,31,1,0
BRDA:203,32,0,0
BRDA:203,32,1,0
BRDA:207,33,0,0
BRDA:207,33,1,0
BRDA:216,34,0,0
BRDA:216,34,1,0
BRDA:225,35,0,0
BRDA:225,35,1,0
BRDA:225,36,0,0
BRDA:225,36,1,0
BRDA:230,37,0,0
BRDA:230,37,1,0
BRDA:244,38,0,0
BRDA:244,38,1,0
BRDA:244,39,0,0
BRDA:244,39,1,0
BRDA:248,40,0,0
BRDA:248,40,1,0
BRDA:248,41,0,0
BRDA:248,41,1,0
BRDA:257,42,0,0
BRDA:257,42,1,0
BRDA:262,43,0,0
BRDA:262,43,1,0
BRDA:271,44,0,0
BRDA:271,44,1,0
BRDA:284,45,0,0
BRDA:284,45,1,0
BRDA:294,46,0,0
BRDA:294,46,1,0
BRDA:296,47,0,0
BRDA:296,47,1,0
BRDA:300,48,0,0
BRDA:300,48,1,0
BRDA:309,49,0,0
BRDA:309,49,1,0
BRDA:318,50,0,0
BRDA:318,50,1,0
BRF:102
BRH:0
end_of_record
TN:
SF:commands\goal\buttons.js
FN:4,(anonymous_0)
FN:6,(anonymous_1)
FN:26,(anonymous_2)
FN:28,(anonymous_3)
FN:48,(anonymous_4)
FN:50,(anonymous_5)
FNF:6
FNH:0
FNDA:0,(anonymous_0)
FNDA:0,(anonymous_1)
FNDA:0,(anonymous_2)
FNDA:0,(anonymous_3)
FNDA:0,(anonymous_4)
FNDA:0,(anonymous_5)
DA:1,0
DA:4,0
DA:5,0
DA:6,0
DA:7,0
DA:8,0
DA:9,0
DA:18,0
DA:19,0
DA:20,0
DA:22,0
DA:26,0
DA:27,0
DA:28,0
DA:29,0
DA:30,0
DA:31,0
DA:40,0
DA:41,0
DA:42,0
DA:44,0
DA:48,0
DA:49,0
DA:50,0
DA:51,0
DA:52,0
DA:53,0
DA:61,0
DA:62,0
DA:63,0
DA:65,0
DA:68,0
LF:32
LH:0
BRDA:7,0,0,0
BRDA:7,0,1,0
BRDA:7,1,0,0
BRDA:7,1,1,0
BRDA:8,2,0,0
BRDA:8,2,1,0
BRDA:29,3,0,0
BRDA:29,3,1,0
BRDA:29,4,0,0
BRDA:29,4,1,0
BRDA:30,5,0,0
BRDA:30,5,1,0
BRDA:51,6,0,0
BRDA:51,6,1,0
BRDA:51,7,0,0
BRDA:51,7,1,0
BRDA:52,8,0,0
BRDA:52,8,1,0
BRF:18
BRH:0
end_of_record
TN:
SF:commands\goal\goals.js
FN:7,(anonymous_0)
FN:33,(anonymous_1)
FN:96,(anonymous_2)
FN:122,(anonymous_3)
FN:190,(anonymous_4)
FN:283,(anonymous_5)
FNF:6
FNH:0
FNDA:0,(anonymous_0)
FNDA:0,(anonymous_1)
FNDA:0,(anonymous_2)
FNDA:0,(anonymous_3)
FNDA:0,(anonymous_4)
FNDA:0,(anonymous_5)
DA:1,0
DA:2,0
DA:3,0
DA:4,0
DA:7,0
DA:9,0
DA:10,0
DA:11,0
DA:13,0
DA:14,0
DA:15,0
DA:18,0
DA:19,0
DA:20,0
DA:21,0
DA:24,0
DA:25,0
DA:28,0
DA:29,0
DA:30,0
DA:33,0
DA:35,0
DA:36,0
DA:40,0
DA:41,0
DA:43,0
DA:46,0
DA:47,0
DA:51,0
DA:54,0
DA:55,0
DA:56,0
DA:58,0
DA:59,0
DA:63,0
DA:67,0
DA:73,0
DA:74,0
DA:78,0
DA:81,0
DA:82,0
DA:86,0
DA:89,0
DA:90,0
DA:92,0
DA:96,0
DA:98,0
DA:99,0
DA:100,0
DA:102,0
DA:103,0
DA:104,0
DA:107,0
DA:108,0
DA:109,0
DA:110,0
DA:113,0
DA:114,0
DA:117,0
DA:118,0
DA:119,0
DA:122,0
DA:124,0
DA:125,0
DA:129,0
DA:132,0
DA:133,0
DA:137,0
DA:140,0
DA:141,0
DA:142,0
DA:144,0
DA:145,0
DA:149,0
DA:153,0
DA:159,0
DA:160,0
DA:164,0
DA:167,0
DA:168,0
DA:172,0
DA:175,0
DA:176,0
DA:178,0
DA:182,0
DA:185,0
DA:186,0
DA:190,0
DA:192,0
DA:193,0
DA:194,0
DA:196,0
DA:197,0
DA:198,0
DA:201,0
DA:202,0
DA:203,0
DA:206,0
DA:207,0
DA:208,0
DA:211,0
DA:212,0
DA:216,0
DA:217,0
DA:220,0
DA:221,0
DA:225,0
DA:226,0
DA:229,0
DA:230,0
DA:234,0
DA:235,0
DA:238,0
DA:239,0
DA:242,0
DA:248,0
DA:249,0
DA:253,0
DA:254,0
DA:257,0
DA:258,0
DA:262,0
DA:263,0
DA:266,0
DA:267,0
DA:269,0
DA:273,0
DA:274,0
DA:277,0
DA:278,0
DA:279,0
DA:283,0
DA:285,0
DA:286,0
DA:287,0
DA:289,0
DA:290,0
DA:291,0
DA:294,0
DA:295,0
DA:298,0
DA:299,0
DA:300,0
DA:303,0
DA:304,0
DA:308,0
DA:309,0
DA:312,0
DA:313,0
DA:317,0
DA:318,0
DA:321,0
DA:322,0
DA:323,0
DA:325,0
DA:326,0
DA:330,0
DA:331,0
DA:335,0
DA:341,0
DA:342,0
DA:346,0
DA:347,0
DA:350,0
DA:351,0
DA:355,0
DA:356,0
DA:359,0
DA:360,0
DA:362,0
DA:363,0
DA:366,0
LF:172
LH:0
BRDA:9,0,0,0
BRDA:9,0,1,0
BRDA:9,1,0,0
BRDA:9,1,1,0
BRDA:13,2,0,0
BRDA:13,2,1,0
BRDA:13,3,0,0
BRDA:13,3,1,0
BRDA:19,4,0,0
BRDA:19,4,1,0
BRDA:19,5,0,0
BRDA:19,5,1,0
BRDA:28,6,0,0
BRDA:28,6,1,0
BRDA:35,7,0,0
BRDA:35,7,1,0
BRDA:40,8,0,0
BRDA:40,8,1,0
BRDA:40,9,0,0
BRDA:40,9,1,0
BRDA:46,10,0,0
BRDA:46,10,1,0
BRDA:58,11,0,0
BRDA:58,11,1,0
BRDA:67,12,0,0
BRDA:67,12,1,0
BRDA:69,13,0,0
BRDA:69,13,1,0
BRDA:73,14,0,0
BRDA:73,14,1,0
BRDA:81,15,0,0
BRDA:81,15,1,0
BRDA:89,16,0,0
BRDA:89,16,1,0
BRDA:98,17,0,0
BRDA:98,17,1,0
BRDA:98,18,0,0
BRDA:98,18,1,0
BRDA:102,19,0,0
BRDA:102,19,1,0
BRDA:102,20,0,0
BRDA:102,20,1,0
BRDA:108,21,0,0
BRDA:108,21,1,0
BRDA:108,22,0,0
BRDA:108,22,1,0
BRDA:117,23,0,0
BRDA:117,23,1,0
BRDA:124,24,0,0
BRDA:124,24,1,0
BRDA:132,25,0,0
BRDA:132,25,1,0
BRDA:144,26,0,0
BRDA:144,26,1,0
BRDA:153,27,0,0
BRDA:153,27,1,0
BRDA:155,28,0,0
BRDA:155,28,1,0
BRDA:159,29,0,0
BRDA:159,29,1,0
BRDA:167,30,0,0
BRDA:167,30,1,0
BRDA:175,31,0,0
BRDA:175,31,1,0
BRDA:175,32,0,0
BRDA:175,32,1,0
BRDA:192,33,0,0
BRDA:192,33,1,0
BRDA:192,34,0,0
BRDA:192,34,1,0
BRDA:196,35,0,0
BRDA:196,35,1,0
BRDA:196,36,0,0
BRDA:196,36,1,0
BRDA:206,37,0,0
BRDA:206,37,1,0
BRDA:211,38,0,0
BRDA:211,38,1,0
BRDA:220,39,0,0
BRDA:220,39,1,0
BRDA:229,40,0,0
BRDA:229,40,1,0
BRDA:242,41,0,0
BRDA:242,41,1,0
BRDA:244,42,0,0
BRDA:244,42,1,0
BRDA:248,43,0,0
BRDA:248,43,1,0
BRDA:257,44,0,0
BRDA:257,44,1,0
BRDA:266,45,0,0
BRDA:266,45,1,0
BRDA:266,46,0,0
BRDA:266,46,1,0
BRDA:271,47,0,0
BRDA:271,47,1,0
BRDA:285,48,0,0
BRDA:285,48,1,0
BRDA:285,49,0,0
BRDA:285,49,1,0
BRDA:289,50,0,0
BRDA:289,50,1,0
BRDA:289,51,0,0
BRDA:289,51,1,0
BRDA:298,52,0,0
BRDA:298,52,1,0
BRDA:303,53,0,0
BRDA:303,53,1,0
BRDA:312,54,0,0
BRDA:312,54,1,0
BRDA:325,55,0,0
BRDA:325,55,1,0
BRDA:335,56,0,0
BRDA:335,56,1,0
BRDA:337,57,0,0
BRDA:337,57,1,0
BRDA:341,58,0,0
BRDA:341,58,1,0
BRDA:350,59,0,0
BRDA:350,59,1,0
BRDA:359,60,0,0
BRDA:359,60,1,0
BRF:122
BRH:0
end_of_record
TN:
SF:commands\goal\index.js
FN:38,(anonymous_0)
FN:40,(anonymous_1)
FN:44,(anonymous_2)
FN:48,(anonymous_3)
FN:52,(anonymous_4)
FN:57,(anonymous_5)
FN:61,(anonymous_6)
FN:65,(anonymous_7)
FN:69,(anonymous_8)
FN:74,(anonymous_9)
FN:78,(anonymous_10)
FN:82,(anonymous_11)
FN:86,(anonymous_12)
FN:90,(anonymous_13)
FN:94,(anonymous_14)
FN:98,(anonymous_15)
FN:103,(anonymous_16)
FN:107,(anonymous_17)
FN:111,(anonymous_18)
FN:115,(anonymous_19)
FN:119,(anonymous_20)
FN:123,(anonymous_21)
FN:127,(anonymous_22)
FN:131,(anonymous_23)
FN:135,(anonymous_24)
FN:139,(anonymous_25)
FNF:26
FNH:0
FNDA:0,(anonymous_0)
FNDA:0,(anonymous_1)
FNDA:0,(anonymous_2)
FNDA:0,(anonymous_3)
FNDA:0,(anonymous_4)
FNDA:0,(anonymous_5)
FNDA:0,(anonymous_6)
FNDA:0,(anonymous_7)
FNDA:0,(anonymous_8)
FNDA:0,(anonymous_9)
FNDA:0,(anonymous_10)
FNDA:0,(anonymous_11)
FNDA:0,(anonymous_12)
FNDA:0,(anonymous_13)
FNDA:0,(anonymous_14)
FNDA:0,(anonymous_15)
FNDA:0,(anonymous_16)
FNDA:0,(anonymous_17)
FNDA:0,(anonymous_18)
FNDA:0,(anonymous_19)
FNDA:0,(anonymous_20)
FNDA:0,(anonymous_21)
FNDA:0,(anonymous_22)
FNDA:0,(anonymous_23)
FNDA:0,(anonymous_24)
FNDA:0,(anonymous_25)
DA:6,0
DA:13,0
DA:23,0
DA:36,0
DA:38,0
DA:40,0
DA:41,0
DA:44,0
DA:45,0
DA:48,0
DA:49,0
DA:52,0
DA:53,0
DA:57,0
DA:58,0
DA:61,0
DA:62,0
DA:65,0
DA:66,0
DA:69,0
DA:70,0
DA:74,0
DA:75,0
DA:78,0
DA:79,0
DA:82,0
DA:83,0
DA:86,0
DA:87,0
DA:90,0
DA:91,0
DA:94,0
DA:95,0
DA:98,0
DA:99,0
DA:103,0
DA:104,0
DA:107,0
DA:108,0
DA:111,0
DA:112,0
DA:115,0
DA:116,0
DA:119,0
DA:120,0
DA:123,0
DA:124,0
DA:127,0
DA:128,0
DA:131,0
DA:132,0
DA:135,0
DA:136,0
DA:139,0
DA:140,0
LF:55
LH:0
BRF:0
BRH:0
end_of_record
TN:
SF:commands\goal\menus.js
FN:10,(anonymous_0)
FN:103,(anonymous_1)
FN:192,(anonymous_2)
FN:290,(anonymous_3)
FN:388,(anonymous_4)
FN:477,(anonymous_5)
FN:542,(anonymous_6)
FN:607,(anonymous_7)
FN:704,(anonymous_8)
FN:795,(anonymous_9)
FNF:10
FNH:0
FNDA:0,(anonymous_0)
FNDA:0,(anonymous_1)
FNDA:0,(anonymous_2)
FNDA:0,(anonymous_3)
FNDA:0,(anonymous_4)
FNDA:0,(anonymous_5)
FNDA:0,(anonymous_6)
FNDA:0,(anonymous_7)
FNDA:0,(anonymous_8)
FNDA:0,(anonymous_9)
DA:1,0
DA:2,0
DA:3,0
DA:4,0
DA:5,0
DA:6,0
DA:7,0
DA:10,0
DA:11,0
DA:12,0
DA:13,0
DA:16,0
DA:17,0
DA:18,0
DA:22,0
DA:23,0
DA:24,0
DA:28,0
DA:29,0
DA:31,0
DA:34,0
DA:35,0
DA:36,0
DA:40,0
DA:41,0
DA:43,0
DA:47,0
DA:48,0
DA:49,0
DA:52,0
DA:53,0
DA:55,0
DA:56,0
DA:57,0
DA:58,0
DA:60,0
DA:63,0
DA:64,0
DA:65,0
DA:81,0
DA:84,0
DA:85,0
DA:98,0
DA:103,0
DA:104,0
DA:105,0
DA:106,0
DA:109,0
DA:110,0
DA:111,0
DA:115,0
DA:116,0
DA:117,0
DA:121,0
DA:122,0
DA:124,0
DA:127,0
DA:128,0
DA:129,0
DA:133,0
DA:134,0
DA:136,0
DA:139,0
DA:140,0
DA:141,0
DA:142,0
DA:145,0
DA:146,0
DA:149,0
DA:152,0
DA:153,0
DA:155,0
DA:157,0
DA:158,0
DA:159,0
DA:161,0
DA:162,0
DA:163,0
DA:174,0
DA:177,0
DA:178,0
DA:187,0
DA:192,0
DA:193,0
DA:194,0
DA:195,0
DA:198,0
DA:199,0
DA:200,0
DA:204,0
DA:205,0
DA:206,0
DA:210,0
DA:211,0
DA:213,0
DA:216,0
DA:217,0
DA:218,0
DA:222,0
DA:223,0
DA:225,0
DA:228,0
DA:229,0
DA:230,0
DA:233,0
DA:242,0
DA:243,0
DA:246,0
DA:247,0
DA:249,0
DA:259,0
DA:260,0
DA:261,0
DA:272,0
DA:275,0
DA:276,0
DA:285,0
DA:290,0
DA:291,0
DA:292,0
DA:293,0
DA:296,0
DA:297,0
DA:298,0
DA:302,0
DA:303,0
DA:304,0
DA:308,0
DA:309,0
DA:311,0
DA:314,0
DA:315,0
DA:316,0
DA:320,0
DA:321,0
DA:323,0
DA:326,0
DA:327,0
DA:328,0
DA:331,0
DA:340,0
DA:341,0
DA:344,0
DA:345,0
DA:347,0
DA:357,0
DA:358,0
DA:359,0
DA:370,0
DA:373,0
DA:374,0
DA:383,0
DA:388,0
DA:389,0
DA:390,0
DA:391,0
DA:394,0
DA:395,0
DA:396,0
DA:400,0
DA:401,0
DA:402,0
DA:406,0
DA:407,0
DA:409,0
DA:412,0
DA:413,0
DA:414,0
DA:418,0
DA:419,0
DA:421,0
DA:424,0
DA:425,0
DA:426,0
DA:427,0
DA:430,0
DA:431,0
DA:434,0
DA:437,0
DA:438,0
DA:440,0
DA:442,0
DA:443,0
DA:444,0
DA:446,0
DA:447,0
DA:448,0
DA:459,0
DA:462,0
DA:463,0
DA:472,0
DA:477,0
DA:478,0
DA:479,0
DA:481,0
DA:482,0
DA:483,0
DA:486,0
DA:487,0
DA:488,0
DA:492,0
DA:493,0
DA:495,0
DA:498,0
DA:500,0
DA:501,0
DA:503,0
DA:513,0
DA:514,0
DA:516,0
DA:517,0
DA:518,0
DA:535,0
DA:537,0
DA:542,0
DA:543,0
DA:544,0
DA:546,0
DA:547,0
DA:548,0
DA:551,0
DA:552,0
DA:553,0
DA:557,0
DA:558,0
DA:560,0
DA:563,0
DA:565,0
DA:566,0
DA:568,0
DA:578,0
DA:579,0
DA:581,0
DA:582,0
DA:583,0
DA:600,0
DA:602,0
DA:607,0
DA:608,0
DA:609,0
DA:610,0
DA:613,0
DA:614,0
DA:615,0
DA:619,0
DA:620,0
DA:621,0
DA:625,0
DA:626,0
DA:628,0
DA:631,0
DA:632,0
DA:633,0
DA:637,0
DA:638,0
DA:640,0
DA:643,0
DA:644,0
DA:645,0
DA:648,0
DA:656,0
DA:657,0
DA:660,0
DA:661,0
DA:663,0
DA:673,0
DA:674,0
DA:675,0
DA:686,0
DA:689,0
DA:690,0
DA:699,0
DA:704,0
DA:705,0
DA:708,0
DA:709,0
DA:710,0
DA:714,0
DA:715,0
DA:716,0
DA:719,0
DA:720,0
DA:721,0
DA:723,0
DA:724,0
DA:725,0
DA:728,0
DA:729,0
DA:730,0
DA:732,0
DA:733,0
DA:734,0
DA:738,0
DA:739,0
DA:742,0
DA:743,0
DA:745,0
DA:755,0
DA:756,0
DA:758,0
DA:759,0
DA:760,0
DA:778,0
DA:781,0
DA:782,0
DA:784,0
DA:789,0
DA:790,0
DA:795,0
DA:796,0
DA:797,0
DA:799,0
DA:800,0
DA:801,0
DA:804,0
DA:805,0
DA:806,0
DA:810,0
DA:811,0
DA:813,0
DA:816,0
DA:818,0
DA:819,0
DA:821,0
DA:831,0
DA:832,0
DA:834,0
DA:835,0
DA:836,0
DA:853,0
DA:855,0
DA:859,0
LF:332
LH:0
BRDA:16,0,0,0
BRDA:16,0,1,0
BRDA:22,1,0,0
BRDA:22,1,1,0
BRDA:28,2,0,0
BRDA:28,2,1,0
BRDA:34,3,0,0
BRDA:34,3,1,0
BRDA:40,4,0,0
BRDA:40,4,1,0
BRDA:48,5,0,0
BRDA:48,5,1,0
BRDA:55,6,0,0
BRDA:55,6,1,0
BRDA:57,7,0,0
BRDA:57,7,1,0
BRDA:64,8,0,0
BRDA:64,8,1,0
BRDA:64,9,0,0
BRDA:64,9,1,0
BRDA:84,10,0,0
BRDA:84,10,1,0
BRDA:109,11,0,0
BRDA:109,11,1,0
BRDA:115,12,0,0
BRDA:115,12,1,0
BRDA:121,13,0,0
BRDA:121,13,1,0
BRDA:127,14,0,0
BRDA:127,14,1,0
BRDA:133,15,0,0
BRDA:133,15,1,0
BRDA:141,16,0,0
BRDA:141,16,1,0
BRDA:142,17,0,0
BRDA:142,17,1,0
BRDA:152,18,0,0
BRDA:152,18,1,0
BRDA:157,19,0,0
BRDA:157,19,1,0
BRDA:162,20,0,0
BRDA:162,20,1,0
BRDA:162,21,0,0
BRDA:162,21,1,0
BRDA:177,22,0,0
BRDA:177,22,1,0
BRDA:198,23,0,0
BRDA:198,23,1,0
BRDA:204,24,0,0
BRDA:204,24,1,0
BRDA:210,25,0,0
BRDA:210,25,1,0
BRDA:216,26,0,0
BRDA:216,26,1,0
BRDA:222,27,0,0
BRDA:222,27,1,0
BRDA:242,28,0,0
BRDA:242,28,1,0
BRDA:260,29,0,0
BRDA:260,29,1,0
BRDA:260,30,0,0
BRDA:260,30,1,0
BRDA:275,31,0,0
BRDA:275,31,1,0
BRDA:296,32,0,0
BRDA:296,32,1,0
BRDA:302,33,0,0
BRDA:302,33,1,0
BRDA:308,34,0,0
BRDA:308,34,1,0
BRDA:314,35,0,0
BRDA:314,35,1,0
BRDA:320,36,0,0
BRDA:320,36,1,0
BRDA:340,37,0,0
BRDA:340,37,1,0
BRDA:358,38,0,0
BRDA:358,38,1,0
BRDA:358,39,0,0
BRDA:358,39,1,0
BRDA:373,40,0,0
BRDA:373,40,1,0
BRDA:394,41,0,0
BRDA:394,41,1,0
BRDA:400,42,0,0
BRDA:400,42,1,0
BRDA:406,43,0,0
BRDA:406,43,1,0
BRDA:412,44,0,0
BRDA:412,44,1,0
BRDA:418,45,0,0
BRDA:418,45,1,0
BRDA:426,46,0,0
BRDA:426,46,1,0
BRDA:427,47,0,0
BRDA:427,47,1,0
BRDA:437,48,0,0
BRDA:437,48,1,0
BRDA:442,49,0,0
BRDA:442,49,1,0
BRDA:447,50,0,0
BRDA:447,50,1,0
BRDA:447,51,0,0
BRDA:447,51,1,0
BRDA:462,52,0,0
BRDA:462,52,1,0
BRDA:481,53,0,0
BRDA:481,53,1,0
BRDA:486,54,0,0
BRDA:486,54,1,0
BRDA:492,55,0,0
BRDA:492,55,1,0
BRDA:513,56,0,0
BRDA:513,56,1,0
BRDA:517,57,0,0
BRDA:517,57,1,0
BRDA:517,58,0,0
BRDA:517,58,1,0
BRDA:546,59,0,0
BRDA:546,59,1,0
BRDA:551,60,0,0
BRDA:551,60,1,0
BRDA:557,61,0,0
BRDA:557,61,1,0
BRDA:578,62,0,0
BRDA:578,62,1,0
BRDA:582,63,0,0
BRDA:582,63,1,0
BRDA:582,64,0,0
BRDA:582,64,1,0
BRDA:613,65,0,0
BRDA:613,65,1,0
BRDA:619,66,0,0
BRDA:619,66,1,0
BRDA:625,67,0,0
BRDA:625,67,1,0
BRDA:631,68,0,0
BRDA:631,68,1,0
BRDA:637,69,0,0
BRDA:637,69,1,0
BRDA:656,70,0,0
BRDA:656,70,1,0
BRDA:674,71,0,0
BRDA:674,71,1,0
BRDA:674,72,0,0
BRDA:674,72,1,0
BRDA:689,73,0,0
BRDA:689,73,1,0
BRDA:708,74,0,0
BRDA:708,74,1,0
BRDA:714,75,0,0
BRDA:714,75,1,0
BRDA:714,76,0,0
BRDA:714,76,1,0
BRDA:723,77,0,0
BRDA:723,77,1,0
BRDA:729,78,0,0
BRDA:729,78,1,0
BRDA:732,79,0,0
BRDA:732,79,1,0
BRDA:738,80,0,0
BRDA:738,80,1,0
BRDA:755,81,0,0
BRDA:755,81,1,0
BRDA:759,82,0,0
BRDA:759,82,1,0
BRDA:759,83,0,0
BRDA:759,83,1,0
BRDA:781,84,0,0
BRDA:781,84,1,0
BRDA:789,85,0,0
BRDA:789,85,1,0
BRDA:799,86,0,0
BRDA:799,86,1,0
BRDA:804,87,0,0
BRDA:804,87,1,0
BRDA:810,88,0,0
BRDA:810,88,1,0
BRDA:831,89,0,0
BRDA:831,89,1,0
BRDA:835,90,0,0
BRDA:835,90,1,0
BRDA:835,91,0,0
BRDA:835,91,1,0
BRF:184
BRH:0
end_of_record
TN:
SF:commands\goal\saves.js
FN:11,(anonymous_0)
FN:37,(anonymous_1)
FN:94,(anonymous_2)
FN:120,(anonymous_3)
FN:180,(anonymous_4)
FN:268,(anonymous_5)
FN:325,(anonymous_6)
FN:401,(anonymous_7)
FN:462,(anonymous_8)
FNF:9
FNH:0
FNDA:0,(anonymous_0)
FNDA:0,(anonymous_1)
FNDA:0,(anonymous_2)
FNDA:0,(anonymous_3)
FNDA:0,(anonymous_4)
FNDA:0,(anonymous_5)
FNDA:0,(anonymous_6)
FNDA:0,(anonymous_7)
FNDA:0,(anonymous_8)
DA:1,0
DA:2,0
DA:3,0
DA:4,0
DA:5,0
DA:6,0
DA:7,0
DA:8,0
DA:11,0
DA:13,0
DA:14,0
DA:15,0
DA:17,0
DA:18,0
DA:19,0
DA:22,0
DA:23,0
DA:24,0
DA:25,0
DA:28,0
DA:29,0
DA:32,0
DA:33,0
DA:34,0
DA:37,0
DA:39,0
DA:40,0
DA:44,0
DA:47,0
DA:48,0
DA:52,0
DA:55,0
DA:56,0
DA:57,0
DA:59,0
DA:60,0
DA:64,0
DA:68,0
DA:74,0
DA:75,0
DA:79,0
DA:82,0
DA:83,0
DA:85,0
DA:86,0
DA:90,0
DA:94,0
DA:96,0
DA:97,0
DA:98,0
DA:100,0
DA:101,0
DA:102,0
DA:105,0
DA:106,0
DA:107,0
DA:108,0
DA:111,0
DA:112,0
DA:115,0
DA:116,0
DA:117,0
DA:120,0
DA:122,0
DA:123,0
DA:127,0
DA:130,0
DA:131,0
DA:135,0
DA:138,0
DA:139,0
DA:140,0
DA:142,0
DA:143,0
DA:147,0
DA:151,0
DA:157,0
DA:158,0
DA:162,0
DA:165,0
DA:166,0
DA:170,0
DA:173,0
DA:174,0
DA:176,0
DA:180,0
DA:181,0
DA:182,0
DA:183,0
DA:185,0
DA:186,0
DA:187,0
DA:189,0
DA:190,0
DA:191,0
DA:195,0
DA:196,0
DA:198,0
DA:199,0
DA:200,0
DA:204,0
DA:205,0
DA:208,0
DA:209,0
DA:210,0
DA:211,0
DA:220,0
DA:221,0
DA:222,0
DA:223,0
DA:224,0
DA:234,0
DA:235,0
DA:236,0
DA:247,0
DA:248,0
DA:251,0
DA:252,0
DA:261,0
DA:262,0
DA:268,0
DA:270,0
DA:271,0
DA:272,0
DA:276,0
DA:277,0
DA:278,0
DA:281,0
DA:282,0
DA:283,0
DA:284,0
DA:285,0
DA:288,0
DA:289,0
DA:290,0
DA:293,0
DA:294,0
DA:295,0
DA:297,0
DA:298,0
DA:299,0
DA:301,0
DA:302,0
DA:303,0
DA:307,0
DA:313,0
DA:314,0
DA:315,0
DA:318,0
DA:319,0
DA:320,0
DA:321,0
DA:325,0
DA:327,0
DA:328,0
DA:329,0
DA:332,0
DA:333,0
DA:334,0
DA:337,0
DA:338,0
DA:339,0
DA:342,0
DA:343,0
DA:344,0
DA:346,0
DA:347,0
DA:348,0
DA:350,0
DA:351,0
DA:352,0
DA:355,0
DA:356,0
DA:357,0
DA:358,0
DA:359,0
DA:360,0
DA:361,0
DA:362,0
DA:363,0
DA:365,0
DA:367,0
DA:368,0
DA:369,0
DA:371,0
DA:372,0
DA:373,0
DA:384,0
DA:386,0
DA:387,0
DA:396,0
DA:401,0
DA:403,0
DA:404,0
[...]
DA:101,1
DA:102,29
DA:103,3
DA:104,4
DA:106,29
DA:108,1
DA:110,1
DA:112,2
DA:113,30
DA:114,2
DA:115,30
DA:116,23
DA:117,45
DA:118,32
DA:119,68
DA:120,1
DA:121,29
DA:122,1
DA:123,1
DA:124,1
DA:125,29
DA:126,0
DA:127,28
DA:129,1
DA:131,1
DA:133,29
DA:135,1
DA:137,29
DA:138,28
DA:140,1
DA:143,1
DA:144,1
DA:145,29
DA:146,2
DA:147,2
DA:149,1
DA:150,2
DA:151,2
DA:153,2
DA:154,1
DA:155,1
DA:156,1
DA:157,1
DA:158,1
DA:159,1
DA:161,1
DA:165,0
DA:166,0
DA:167,0
DA:168,0
DA:169,19
DA:170,41
DA:172,4
DA:175,2
DA:178,1
DA:181,0
DA:184,0
DA:187,0
DA:190,0
DA:193,0
DA:197,7
DA:200,7
LF:144
LH:117
BRDA:4,0,0,7
BRDA:4,0,1,0
BRDA:4,1,0,7
BRDA:4,1,1,7
BRDA:8,2,0,0
BRDA:8,2,1,14
BRDA:20,3,0,7
BRDA:20,3,1,0
BRDA:22,4,0,0
BRDA:22,4,1,7
BRDA:90,5,0,0
BRDA:90,5,1,0
BRDA:90,6,0,0
BRDA:90,6,1,0
BRDA:94,7,0,167
BRDA:94,7,1,167
BRDA:137,8,0,28
BRDA:137,8,1,1
BRDA:137,9,0,29
BRDA:137,9,1,28
BRDA:153,10,0,1
BRDA:153,10,1,1
BRDA:187,11,0,0
BRDA:187,11,1,0
BRF:24
BRH:14
end_of_record
TN:
SF:utils\checkTimeAndNotify.js
FN:6,checkTimeAndNotify
FNF:1
FNH:1
FNDA:22,checkTimeAndNotify
DA:1,1
DA:2,1
DA:3,1
DA:4,1
DA:7,22
DA:8,22
DA:9,22
DA:10,22
DA:11,22
DA:13,22
DA:15,19
DA:16,19
DA:19,19
DA:21,17
DA:22,17
DA:24,17
DA:28,17
DA:32,15
DA:34,1
DA:50,1
DA:51,1
DA:55,14
DA:61,14
DA:79,14
DA:80,14
DA:83,15
DA:84,15
DA:85,14
DA:97,13
DA:98,13
DA:106,13
DA:107,10
DA:108,10
DA:118,1
DA:126,13
DA:128,2
DA:133,2
DA:134,2
DA:139,1
LF:39
LH:39
BRDA:13,0,0,3
BRDA:13,0,1,19
BRDA:13,1,0,22
BRDA:13,1,1,21
BRDA:13,1,2,20
BRDA:19,2,0,2
BRDA:19,2,1,17
BRDA:22,3,0,17
BRDA:22,3,1,3
BRDA:28,4,0,15
BRDA:28,4,1,2
BRDA:28,5,0,17
BRDA:28,5,1,17
BRDA:32,6,0,1
BRDA:32,6,1,14
BRDA:97,7,0,13
BRDA:97,7,1,0
BRDA:97,8,0,13
BRDA:97,8,1,13
BRF:19
BRH:18
end_of_record
TN:
SF:utils\deleteMessageAfterDelay.js
FN:4,(anonymous_0)
FN:5,(anonymous_1)
FN:9,(anonymous_2)
FNF:3
FNH:3
FNDA:6,(anonymous_0)
FNDA:6,(anonymous_1)
FNDA:1,(anonymous_2)
DA:1,3
DA:4,3
DA:5,6
DA:7,6
DA:8,6
DA:9,4
DA:16,3
LF:7
LH:7
BRDA:4,0,0,1
BRDA:7,1,0,6
BRDA:7,1,1,5
BRDA:8,2,0,4
BRDA:8,2,1,2
BRDA:8,3,0,6
BRDA:8,3,1,5
BRF:7
BRH:7
end_of_record
TN:
SF:utils\divideIntoTeams.js
FN:1,(anonymous_0)
FN:12,(anonymous_1)
FN:17,(anonymous_2)
FN:21,(anonymous_3)
FN:24,(anonymous_4)
FN:29,(anonymous_5)
FNF:6
FNH:6
FNDA:14,(anonymous_0)
FNDA:4,(anonymous_1)
FNDA:5,(anonymous_2)
FNDA:61,(anonymous_3)
FNDA:59,(anonymous_4)
FNDA:24,(anonymous_5)
DA:1,1
DA:3,14
DA:4,14
DA:5,0
DA:6,0
DA:10,14
DA:11,2
DA:12,4
DA:15,12
DA:16,2
DA:17,5
DA:21,61
DA:24,10
DA:25,59
DA:26,59
DA:27,59
DA:29,24
DA:32,10
DA:33,61
DA:34,61
DA:36,61
DA:37,61
DA:38,61
DA:42,10
DA:45,1
LF:25
LH:23
BRDA:4,0,0,0
BRDA:4,0,1,14
BRDA:4,1,0,14
BRDA:4,1,1,14
BRDA:4,1,2,14
BRDA:10,2,0,2
BRDA:10,2,1,12
BRDA:15,3,0,2
BRDA:15,3,1,10
BRDA:15,4,0,12
BRDA:15,4,1,11
BRDA:21,5,0,61
BRDA:21,5,1,61
BRDA:25,6,0,59
BRDA:25,6,1,3
BRDA:26,7,0,59
BRDA:26,7,1,3
BRDA:36,8,0,32
BRDA:36,8,1,29
BRDA:37,9,0,61
BRDA:37,9,1,0
BRDA:37,10,0,61
BRDA:37,10,1,61
BRF:23
BRH:21
end_of_record
TN:
SF:utils\generatePlayerStats.js
FN:5,(anonymous_0)
FN:12,(anonymous_1)
FN:20,(anonymous_2)
FN:23,(anonymous_3)
FN:65,(anonymous_4)
FN:128,(anonymous_5)
FN:129,(anonymous_6)
FN:130,(anonymous_7)
FN:136,(anonymous_8)
FN:141,(anonymous_9)
FN:232,(anonymous_10)
FN:241,(anonymous_11)
FNF:12
FNH:12
FNDA:20,(anonymous_0)
FNDA:46,(anonymous_1)
FNDA:44,(anonymous_2)
FNDA:29,(anonymous_3)
FNDA:30,(anonymous_4)
FNDA:46,(anonymous_5)
FNDA:46,(anonymous_6)
FNDA:46,(anonymous_7)
FNDA:44,(anonymous_8)
FNDA:44,(anonymous_9)
FNDA:46,(anonymous_10)
FNDA:58,(anonymous_11)
DA:1,1
DA:2,1
DA:5,1
DA:6,20
DA:7,20
DA:8,20
DA:9,20
DA:12,20
DA:13,46
DA:14,46
DA:15,46
DA:16,46
DA:17,46
DA:20,20
DA:21,44
DA:23,29
DA:26,20
DA:27,20
DA:28,20
DA:31,20
DA:34,20
DA:35,20
DA:36,20
DA:37,20
DA:38,20
DA:39,20
DA:40,20
DA:41,20
DA:44,20
DA:45,20
DA:46,20
DA:47,20
DA:48,20
DA:49,20
DA:50,20
DA:51,20
DA:52,20
DA:53,20
DA:65,20
DA:66,30
DA:67,30
DA:68,30
DA:69,30
DA:72,20
DA:75,20
DA:76,20
DA:77,20
DA:78,20
DA:81,20
DA:82,20
DA:83,20
DA:84,20
DA:85,20
DA:86,20
DA:89,20
DA:90,20
DA:91,20
DA:92,20
DA:93,20
DA:96,20
DA:97,20
DA:98,1
DA:100,20
DA:101,1
DA:103,20
DA:104,1
DA:106,20
DA:107,1
DA:109,20
DA:110,1
DA:112,20
DA:113,1
DA:115,20
DA:116,1
DA:118,20
DA:119,1
DA:121,20
DA:122,0
DA:124,20
DA:127,20
DA:128,46
DA:129,46
DA:130,46
DA:131,20
DA:132,20
DA:133,20
DA:136,44
DA:137,20
DA:138,20
DA:141,44
DA:142,20
DA:143,20
DA:146,20
DA:147,20
DA:150,20
DA:152,20
DA:153,14
DA:154,6
DA:155,3
DA:156,3
DA:157,3
DA:160,20
DA:161,11
DA:164,20
DA:165,12
DA:168,20
DA:169,2
DA:172,20
DA:173,1
DA:176,20
DA:177,0
DA:181,20
DA:182,20
DA:183,0
DA:185,20
DA:186,19
DA:190,20
DA:191,2
DA:192,2
DA:196,20
DA:197,13
DA:199,20
DA:200,6
DA:202,20
DA:203,5
DA:207,20
DA:208,20
DA:209,3
DA:211,20
DA:212,5
DA:214,20
DA:215,3
DA:219,20
DA:220,2
DA:222,20
DA:223,0
DA:225,20
DA:226,0
DA:230,20
DA:231,20
DA:232,20
DA:233,46
DA:235,20
DA:239,20
DA:240,19
DA:241,19
DA:242,58
DA:246,20
DA:249,1
LF:149
LH:144
BRDA:7,0,0,20
BRDA:7,0,1,2
BRDA:8,1,0,20
BRDA:8,1,1,0
BRDA:14,2,0,46
BRDA:14,2,1,2
BRDA:21,3,0,44
BRDA:21,3,1,11
BRDA:26,4,0,20
BRDA:26,4,1,0
BRDA:28,5,0,20
BRDA:28,5,1,19
BRDA:31,6,0,20
BRDA:31,6,1,0
BRDA:34,7,0,20
BRDA:34,7,1,4
BRDA:35,8,0,20
BRDA:35,8,1,12
BRDA:36,9,0,20
BRDA:36,9,1,14
BRDA:37,10,0,20
BRDA:37,10,1,19
BRDA:38,11,0,20
BRDA:38,11,1,19
BRDA:39,12,0,20
BRDA:39,12,1,19
BRDA:40,13,0,20
BRDA:40,13,1,20
BRDA:41,14,0,20
BRDA:41,14,1,19
BRDA:44,15,0,2
BRDA:44,15,1,18
BRDA:45,16,0,2
BRDA:45,16,1,18
BRDA:46,17,0,2
BRDA:46,17,1,18
BRDA:47,18,0,2
BRDA:47,18,1,18
BRDA:48,19,0,2
BRDA:48,19,1,18
BRDA:49,20,0,2
BRDA:49,20,1,18
BRDA:50,21,0,2
BRDA:50,21,1,18
BRDA:51,22,0,1
BRDA:51,22,1,19
BRDA:52,23,0,0
BRDA:52,23,1,20
BRDA:53,24,0,2
BRDA:53,24,1,18
BRDA:66,25,0,30
BRDA:66,25,1,17
BRDA:68,26,0,11
BRDA:68,26,1,19
BRDA:76,27,0,14
BRDA:76,27,1,6
BRDA:76,28,0,3
BRDA:76,28,1,3
BRDA:76,29,0,3
BRDA:76,29,1,0
BRDA:85,30,0,20
BRDA:85,30,1,20
BRDA:86,31,0,1
BRDA:86,31,1,19
BRDA:97,32,0,1
BRDA:97,32,1,19
BRDA:100,33,0,1
BRDA:100,33,1,19
BRDA:103,34,0,1
BRDA:103,34,1,19
BRDA:106,35,0,1
BRDA:106,35,1,19
BRDA:109,36,0,1
BRDA:109,36,1,19
BRDA:112,37,0,1
BRDA:112,37,1,19
BRDA:115,38,0,1
BRDA:115,38,1,19
BRDA:118,39,0,1
BRDA:118,39,1,19
BRDA:121,40,0,0
BRDA:121,40,1,20
BRDA:128,41,0,46
BRDA:128,41,1,14
BRDA:129,42,0,46
BRDA:129,42,1,27
BRDA:130,43,0,46
BRDA:130,43,1,32
BRDA:131,44,0,20
BRDA:131,44,1,14
BRDA:132,45,0,20
BRDA:132,45,1,14
BRDA:133,46,0,20
BRDA:133,46,1,14
BRDA:136,47,0,44
BRDA:136,47,1,0
BRDA:138,48,0,20
BRDA:138,48,1,11
BRDA:141,49,0,44
BRDA:141,49,1,0
BRDA:143,50,0,20
BRDA:143,50,1,14
BRDA:146,51,0,20
BRDA:146,51,1,18
BRDA:147,52,0,20
BRDA:147,52,1,19
BRDA:152,53,0,14
BRDA:152,53,1,6
BRDA:154,54,0,3
BRDA:154,54,1,3
BRDA:156,55,0,3
BRDA:156,55,1,0
BRDA:160,56,0,11
BRDA:160,56,1,9
BRDA:164,57,0,12
BRDA:164,57,1,8
BRDA:168,58,0,2
BRDA:168,58,1,18
BRDA:172,59,0,1
BRDA:172,59,1,19
BRDA:176,60,0,0
BRDA:176,60,1,20
BRDA:176,61,0,20
BRDA:176,61,1,19
BRDA:182,62,0,0
BRDA:182,62,1,20
BRDA:185,63,0,19
BRDA:185,63,1,1
BRDA:190,64,0,2
BRDA:190,64,1,18
BRDA:196,65,0,13
BRDA:196,65,1,7
BRDA:199,66,0,6
BRDA:199,66,1,14
BRDA:202,67,0,5
BRDA:202,67,1,15
BRDA:207,68,0,20
BRDA:207,68,1,16
BRDA:207,68,2,7
BRDA:208,69,0,3
BRDA:208,69,1,17
BRDA:211,70,0,5
BRDA:211,70,1,15
BRDA:211,71,0,20
BRDA:211,71,1,16
BRDA:214,72,0,3
BRDA:214,72,1,17
BRDA:214,73,0,20
BRDA:214,73,1,5
BRDA:219,74,0,2
BRDA:219,74,1,18
BRDA:219,75,0,20
BRDA:219,75,1,9
BRDA:222,76,0,0
BRDA:222,76,1,20
BRDA:222,77,0,20
BRDA:222,77,1,3
BRDA:225,78,0,0
BRDA:225,78,1,20
BRDA:225,79,0,20
BRDA:225,79,1,3
BRDA:230,80,0,20
BRDA:230,80,1,0
BRDA:239,81,0,19
BRDA:239,81,1,1
BRF:165
BRH:151
end_of_record
TN:
SF:utils\getTeamName.js
FN:4,(anonymous_0)
FNF:1
FNH:1
FNDA:167,(anonymous_0)
DA:1,5
DA:4,5
DA:5,167
DA:6,167
DA:9,5
LF:5
LH:5
BRDA:6,0,0,167
BRDA:6,0,1,167
BRF:2
BRH:2
end_of_record
TN:
SF:utils\matchHelpers.js
FN:7,(anonymous_0)
FN:24,(anonymous_1)
FN:37,(anonymous_2)
FN:50,(anonymous_3)
FN:58,(anonymous_4)
FN:65,(anonymous_5)
FN:79,(anonymous_6)
FN:113,(anonymous_7)
FN:116,(anonymous_8)
FN:119,(anonymous_9)
FN:150,(anonymous_10)
FN:272,(anonymous_11)
FN:341,(anonymous_12)
FN:345,(anonymous_13)
FN:363,(anonymous_14)
FNF:15
FNH:12
FNDA:3,(anonymous_0)
FNDA:1,(anonymous_1)
FNDA:2,(anonymous_2)
FNDA:5,(anonymous_3)
FNDA:8,(anonymous_4)
FNDA:9,(anonymous_5)
FNDA:6,(anonymous_6)
FNDA:12,(anonymous_7)
FNDA:12,(anonymous_8)
FNDA:11,(anonymous_9)
FNDA:12,(anonymous_10)
FNDA:0,(anonymous_11)
FNDA:0,(anonymous_12)
FNDA:0,(anonymous_13)
FNDA:1,(anonymous_14)
DA:1,2
DA:2,2
DA:3,2
DA:4,2
DA:7,2
DA:9,3
DA:10,0
DA:11,0
DA:13,3
DA:14,0
DA:15,0
DA:19,3
DA:20,0
DA:21,0
DA:24,3
DA:25,3
DA:26,1
DA:30,1
DA:31,1
DA:33,2
DA:37,2
DA:38,2
DA:39,1
DA:43,1
DA:44,1
DA:46,1
DA:50,2
DA:52,5
DA:53,0
DA:54,0
DA:57,5
DA:59,8
DA:60,8
DA:64,5
DA:66,9
DA:67,9
DA:71,5
DA:79,2
DA:87,6
DA:88,4
DA:98,6
DA:99,6
DA:100,3
DA:101,3
DA:103,3
DA:105,6
DA:106,6
DA:108,6
DA:109,6
DA:113,12
DA:116,12
DA:119,2
DA:131,11
DA:132,0
DA:133,0
DA:135,11
DA:136,0
DA:137,0
DA:139,11
DA:140,0
DA:141,0
DA:145,11
DA:146,0
DA:147,0
DA:150,11
DA:152,12
DA:153,0
DA:154,0
DA:156,12
DA:157,12
DA:158,12
DA:159,12
DA:161,12
DA:162,12
DA:163,12
DA:164,12
DA:165,12
DA:167,12
DA:168,12
DA:169,12
DA:170,12
DA:174,12
DA:178,12
DA:182,12
DA:184,12
DA:186,12
DA:187,12
DA:189,12
DA:190,12
DA:191,12
DA:196,12
DA:197,12
DA:198,12
DA:199,12
DA:201,12
DA:203,12
DA:206,12
DA:207,12
DA:208,12
DA:209,12
DA:210,12
DA:211,12
DA:212,12
DA:213,12
DA:214,12
DA:215,12
DA:219,12
DA:220,12
DA:221,12
DA:222,12
DA:224,12
DA:225,7
DA:226,7
DA:227,7
DA:228,7
DA:229,5
DA:230,2
DA:231,2
DA:232,2
DA:233,3
DA:234,3
DA:235,3
DA:238,12
DA:272,2
DA:273,0
DA:274,0
DA:275,0
DA:276,0
DA:279,0
DA:282,0
DA:283,0
DA:284,0
DA:286,0
DA:287,0
DA:288,0
DA:290,0
DA:291,0
DA:294,0
DA:295,0
DA:296,0
DA:297,0
DA:298,0
DA:299,0
DA:302,0
DA:303,0
DA:304,0
DA:305,0
DA:308,0
DA:309,0
DA:310,0
DA:314,0
DA:316,0
DA:320,0
DA:321,0
DA:324,0
DA:325,0
DA:326,0
DA:328,0
DA:329,0
DA:333,0
DA:334,0
DA:335,0
DA:336,0
DA:340,0
DA:341,0
DA:343,0
DA:345,0
DA:348,0
DA:349,0
DA:350,0
DA:351,0
DA:352,0
DA:357,0
DA:358,0
DA:359,0
DA:363,2
DA:370,1
DA:371,0
DA:372,0
DA:376,1
DA:377,0
DA:378,0
DA:381,1
DA:382,1
DA:390,1
DA:391,1
DA:392,1
DA:394,1
DA:396,1
DA:398,1
DA:401,0
DA:402,0
DA:405,1
DA:406,0
DA:409,1
DA:411,1
DA:412,0
DA:423,1
DA:431,1
DA:434,0
DA:439,2
LF:201
LH:123
BRDA:9,0,0,0
BRDA:9,0,1,3
BRDA:9,1,0,3
BRDA:9,1,1,3
BRDA:13,2,0,0
BRDA:13,2,1,3
BRDA:13,3,0,3
BRDA:13,3,1,3
BRDA:19,4,0,0
BRDA:19,4,1,3
BRDA:25,5,0,1
BRDA:25,5,1,2
BRDA:38,6,0,1
BRDA:38,6,1,1
BRDA:52,7,0,0
BRDA:52,7,1,5
BRDA:52,8,0,5
BRDA:52,8,1,5
BRDA:59,9,0,0
BRDA:59,9,1,8
BRDA:59,10,0,8
BRDA:59,10,1,8
BRDA:60,11,0,8
BRDA:60,11,1,1
BRDA:66,12,0,0
BRDA:66,12,1,9
BRDA:66,13,0,9
BRDA:66,13,1,9
BRDA:67,14,0,9
BRDA:67,14,1,4
BRDA:71,15,0,3
BRDA:71,15,1,2
BRDA:73,16,0,1
BRDA:73,16,1,1
BRDA:87,17,0,4
BRDA:87,17,1,2
BRDA:99,18,0,3
BRDA:99,18,1,3
BRDA:105,19,0,2
BRDA:105,19,1,4
BRDA:105,20,0,6
BRDA:105,20,1,3
BRDA:106,21,0,1
BRDA:106,21,1,5
BRDA:131,22,0,0
BRDA:131,22,1,11
BRDA:135,23,0,0
BRDA:135,23,1,11
BRDA:139,24,0,0
BRDA:139,24,1,11
BRDA:145,25,0,0
BRDA:145,25,1,11
BRDA:145,26,0,11
BRDA:145,26,1,11
BRDA:145,26,2,11
BRDA:152,27,0,0
BRDA:152,27,1,12
BRDA:152,28,0,12
BRDA:152,28,1,12
BRDA:156,29,0,12
BRDA:156,29,1,4
BRDA:157,30,0,12
BRDA:157,30,1,9
BRDA:158,31,0,12
BRDA:158,31,1,8
BRDA:159,32,0,12
BRDA:159,32,1,12
BRDA:161,33,0,12
BRDA:161,33,1,0
BRDA:162,34,0,12
BRDA:162,34,1,0
BRDA:163,35,0,12
BRDA:163,35,1,2
BRDA:164,36,0,12
BRDA:164,36,1,2
BRDA:174,37,0,1
BRDA:174,37,1,11
BRDA:174,38,0,0
BRDA:174,38,1,11
BRDA:174,39,0,1
BRDA:174,39,1,10
BRDA:178,40,0,0
BRDA:178,40,1,12
BRDA:182,41,0,2
BRDA:182,41,1,10
BRDA:182,42,0,12
BRDA:182,42,1,4
BRDA:184,43,0,0
BRDA:184,43,1,12
BRDA:184,44,0,2
BRDA:184,44,1,10
BRDA:186,45,0,12
BRDA:186,45,1,7
BRDA:186,45,2,2
BRDA:187,46,0,12
BRDA:187,46,1,3
BRDA:187,46,2,1
BRDA:189,47,0,7
BRDA:189,47,1,5
BRDA:190,48,0,2
BRDA:190,48,1,10
BRDA:191,49,0,2
BRDA:191,49,1,10
BRDA:197,50,0,3
BRDA:197,50,1,9
BRDA:197,51,0,0
BRDA:197,51,1,3
BRDA:197,52,0,1
BRDA:197,52,1,2
BRDA:198,53,0,1
BRDA:198,53,1,11
BRDA:198,54,0,2
BRDA:198,54,1,9
BRDA:206,55,0,12
BRDA:206,55,1,12
BRDA:207,56,0,12
BRDA:207,56,1,12
BRDA:208,57,0,12
BRDA:208,57,1,12
BRDA:209,58,0,12
BRDA:209,58,1,12
BRDA:210,59,0,12
BRDA:210,59,1,12
BRDA:210,60,0,7
BRDA:210,60,1,5
BRDA:211,61,0,12
BRDA:211,61,1,12
BRDA:212,62,0,12
BRDA:212,62,1,12
BRDA:213,63,0,12
BRDA:213,63,1,12
BRDA:214,64,0,12
BRDA:214,64,1,12
BRDA:219,65,0,12
BRDA:219,65,1,9
BRDA:220,66,0,12
BRDA:220,66,1,10
BRDA:221,67,0,12
BRDA:221,67,1,10
BRDA:222,68,0,12
BRDA:222,68,1,10
BRDA:224,69,0,7
BRDA:224,69,1,5
BRDA:229,70,0,2
BRDA:229,70,1,3
BRDA:233,71,0,3
BRDA:233,71,1,0
BRDA:242,72,0,12
BRDA:242,72,1,0
BRDA:242,72,2,0
BRDA:243,73,0,12
BRDA:243,73,1,12
BRDA:243,73,2,12
BRDA:244,74,0,12
BRDA:244,74,1,2
BRDA:245,75,0,12
BRDA:245,75,1,2
BRDA:245,76,0,7
BRDA:245,76,1,5
BRDA:246,77,0,12
BRDA:246,77,1,5
BRDA:246,78,0,2
BRDA:246,78,1,10
BRDA:247,79,0,12
BRDA:247,79,1,6
BRDA:247,80,0,3
BRDA:247,80,1,9
BRDA:248,81,0,12
BRDA:248,81,1,2
BRDA:249,82,0,12
BRDA:249,82,1,9
BRDA:250,83,0,12
BRDA:250,83,1,10
BRDA:251,84,0,12
BRDA:251,84,1,12
BRDA:274,85,0,0
BRDA:274,85,1,0
BRDA:282,86,0,0
BRDA:282,86,1,0
BRDA:282,87,0,0
BRDA:282,87,1,0
BRDA:282,87,2,0
BRDA:286,88,0,0
BRDA:286,88,1,0
BRDA:286,89,0,0
BRDA:286,89,1,0
BRDA:286,89,2,0
BRDA:290,90,0,0
BRDA:290,90,1,0
BRDA:295,91,0,0
BRDA:295,91,1,0
BRDA:309,92,0,0
BRDA:309,92,1,0
BRDA:310,93,0,0
BRDA:310,93,1,0
BRDA:315,94,0,0
BRDA:315,94,1,0
BRDA:317,95,0,0
BRDA:317,95,1,0
BRDA:324,96,0,0
BRDA:324,96,1,0
BRDA:325,97,0,0
BRDA:325,97,1,0
BRDA:326,98,0,0
BRDA:326,98,1,0
BRDA:329,99,0,0
BRDA:329,99,1,0
BRDA:329,100,0,0
BRDA:329,100,1,0
BRDA:341,101,0,0
BRDA:341,101,1,0
BRDA:343,102,0,0
BRDA:343,102,1,0
BRDA:345,103,0,0
BRDA:345,103,1,0
BRDA:370,104,0,0
BRDA:370,104,1,1
BRDA:370,105,0,1
BRDA:370,105,1,1
BRDA:376,106,0,0
BRDA:376,106,1,1
BRDA:396,107,0,1
BRDA:396,107,1,0
BRDA:405,108,0,0
BRDA:405,108,1,1
BRDA:411,109,0,0
BRDA:411,109,1,1
BRF:227
BRH:162
end_of_record
TN:
SF:utils\reshuffleArray.js
FN:1,(anonymous_0)
FNF:1
FNH:1
FNDA:7,(anonymous_0)
DA:1,1
DA:2,7
DA:3,7
DA:4,18
DA:5,18
DA:7,7
DA:10,1
LF:7
LH:7
BRF:0
BRH:0
end_of_record
TN:
SF:utils\safeAnswerCallback.js
FN:1,(anonymous_0)
FN:1,(anonymous_1)
FN:3,(anonymous_2)
FNF:3
FNH:3
FNDA:3,(anonymous_0)
FNDA:3,(anonymous_1)
FNDA:8,(anonymous_2)
DA:1,3
DA:3,1
DA:4,8
DA:5,15
DA:6,15
DA:8,11
DA:10,11
DA:11,1
DA:12,1
DA:15,10
DA:16,3
DA:17,3
DA:18,3
DA:19,3
DA:22,7
DA:23,7
DA:24,3
DA:30,1
LF:18
LH:18
BRDA:3,0,0,3
BRDA:8,1,0,11
BRDA:8,1,1,10
BRDA:10,2,0,1
BRDA:10,2,1,10
BRDA:10,3,0,11
BRDA:10,3,1,1
BRDA:15,4,0,3
BRDA:15,4,1,7
BRDA:15,5,0,10
BRDA:15,5,1,8
BRDA:16,6,0,3
BRDA:16,6,1,1
BRDA:23,7,0,3
BRDA:23,7,1,4
BRF:15
BRH:15
end_of_record
TN:
SF:utils\selectLeaders.js
FN:1,(anonymous_0)
FN:6,(anonymous_1)
FN:22,(anonymous_2)
FN:44,(anonymous_3)
FNF:4
FNH:4
FNDA:24,(anonymous_0)
FNDA:9,(anonymous_1)
FNDA:24,(anonymous_2)
FNDA:3,(anonymous_3)
DA:1,1
DA:2,24
DA:3,24
DA:6,1
DA:8,9
DA:9,0
DA:10,0
DA:13,9
DA:14,0
DA:15,0
DA:18,9
DA:19,9
DA:22,9
DA:24,24
DA:25,0
DA:27,24
DA:28,24
DA:29,9
DA:30,9
DA:31,15
DA:32,3
DA:36,9
DA:38,6
DA:44,1
DA:46,3
DA:47,0
DA:48,0
DA:55,3
DA:62,1
LF:29
LH:22
BRDA:3,0,0,23
BRDA:3,0,1,1
BRDA:8,1,0,0
BRDA:8,1,1,9
BRDA:13,2,0,0
BRDA:13,2,1,9
BRDA:13,3,0,9
BRDA:13,3,1,9
BRDA:24,4,0,0
BRDA:24,4,1,24
BRDA:24,5,0,24
BRDA:24,5,1,24
BRDA:28,6,0,9
BRDA:28,6,1,15
BRDA:31,7,0,3
BRDA:31,7,1,12
BRDA:31,8,0,15
BRDA:31,8,1,10
BRDA:36,9,0,3
BRDA:36,9,1,6
BRDA:36,10,0,9
BRDA:36,10,1,6
BRDA:44,11,0,0
BRDA:46,12,0,0
BRDA:46,12,1,3
BRF:25
BRH:20
end_of_record
TN:
SF:utils\selectMvp.js
FN:14,(anonymous_0)
FN:25,(anonymous_1)
FN:32,(anonymous_2)
FNF:3
FNH:3
FNDA:39,(anonymous_0)
FNDA:42,(anonymous_1)
FNDA:58,(anonymous_2)
DA:14,2
DA:16,39
DA:17,0
DA:18,0
DA:21,39
DA:22,2
DA:25,37
DA:26,42
DA:27,0
DA:29,42
DA:32,37
DA:34,58
DA:35,0
DA:37,58
DA:38,21
DA:40,21
DA:41,21
DA:44,21
DA:45,13
DA:50,10
DA:51,10
DA:52,10
DA:53,8
DA:56,4
DA:57,4
DA:58,4
DA:59,3
DA:62,2
DA:63,2
DA:64,2
DA:65,2
DA:68,2
DA:72,37
DA:75,2
LF:34
LH:30
BRDA:16,0,0,0
BRDA:16,0,1,39
BRDA:21,1,0,2
BRDA:21,1,1,37
BRDA:26,2,0,0
BRDA:26,2,1,42
BRDA:26,3,0,42
BRDA:26,3,1,42
BRDA:29,4,0,42
BRDA:29,4,1,10
BRDA:29,5,0,42
BRDA:29,5,1,17
BRDA:29,6,0,42
BRDA:29,6,1,27
BRDA:34,7,0,0
BRDA:34,7,1,58
BRDA:34,8,0,58
BRDA:34,8,1,58
BRDA:37,9,0,37
BRDA:37,9,1,21
BRDA:44,10,0,8
BRDA:44,10,1,13
BRDA:45,11,0,3
BRDA:45,11,1,10
BRDA:50,12,0,10
BRDA:50,12,1,4
BRDA:51,13,0,10
BRDA:51,13,1,2
BRDA:52,14,0,2
BRDA:52,14,1,8
BRDA:53,15,0,4
BRDA:53,15,1,4
BRDA:56,16,0,4
BRDA:56,16,1,1
BRDA:57,17,0,4
BRDA:57,17,1,2
BRDA:58,18,0,1
BRDA:58,18,1,3
BRDA:59,19,0,1
BRDA:59,19,1,2
BRDA:62,20,0,2
BRDA:62,20,1,1
BRDA:63,21,0,2
BRDA:63,21,1,1
BRDA:64,22,0,0
BRDA:64,22,1,2
BRDA:65,23,0,0
BRDA:65,23,1,2
BRF:48
BRH:43
end_of_record
TN:
SF:utils\sendPlayerList.js
FN:94,formatDateBlock
FN:112,formatLocationBlock
FN:122,formatPaymentBlock
FN:133,formatPlayerName
FN:158,formatPlayerLine
FN:174,(anonymous_5)
FN:176,(anonymous_6)
FN:178,(anonymous_7)
FN:180,(anonymous_8)
FN:182,(anonymous_9)
FN:188,(anonymous_10)
FN:193,(anonymous_11)
FN:196,(anonymous_12)
FN:200,(anonymous_13)
FN:208,(anonymous_14)
FN:212,(anonymous_15)
FN:219,(anonymous_16)
FN:223,(anonymous_17)
FN:230,(anonymous_18)
FN:234,(anonymous_19)
FN:245,(anonymous_20)
FNF:21
FNH:0
FNDA:0,formatDateBlock
FNDA:0,formatLocationBlock
FNDA:0,formatPaymentBlock
FNDA:0,formatPlayerName
FNDA:0,formatPlayerLine
FNDA:0,(anonymous_5)
FNDA:0,(anonymous_6)
FNDA:0,(anonymous_7)
FNDA:0,(anonymous_8)
FNDA:0,(anonymous_9)
FNDA:0,(anonymous_10)
FNDA:0,(anonymous_11)
FNDA:0,(anonymous_12)
FNDA:0,(anonymous_13)
FNDA:0,(anonymous_14)
FNDA:0,(anonymous_15)
FNDA:0,(anonymous_16)
FNDA:0,(anonymous_17)
FNDA:0,(anonymous_18)
FNDA:0,(anonymous_19)
FNDA:0,(anonymous_20)
DA:1,1
DA:2,1
DA:7,1
DA:95,0
DA:97,0
DA:105,0
DA:106,0
DA:107,0
DA:113,0
DA:123,0
DA:135,0
DA:136,0
DA:139,0
DA:145,0
DA:146,0
DA:149,0
DA:150,0
DA:153,0
DA:154,0
DA:155,0
DA:159,0
DA:160,0
DA:161,0
DA:162,0
DA:164,0
DA:165,0
DA:166,0
DA:167,0
DA:168,0
DA:169,0
DA:170,0
DA:173,1
DA:174,0
DA:176,0
DA:178,0
DA:180,0
DA:183,0
DA:184,0
DA:185,0
DA:186,0
DA:188,0
DA:194,0
DA:196,0
DA:201,0
DA:209,0
DA:213,0
DA:220,0
DA:224,0
DA:231,0
DA:234,1
DA:235,0
DA:236,0
DA:237,0
DA:238,0
DA:239,0
DA:241,0
DA:243,0
DA:246,0
DA:257,0
DA:264,0
DA:270,0
DA:272,0
DA:273,0
DA:275,0
DA:276,0
DA:284,0
DA:289,0
DA:290,0
DA:293,0
DA:294,0
DA:299,0
DA:300,0
DA:301,0
DA:302,0
DA:304,0
DA:309,1
LF:76
LH:6
BRDA:95,0,0,0
BRDA:95,0,1,0
BRDA:116,1,0,0
BRDA:116,1,1,0
BRDA:133,2,0,0
BRDA:135,3,0,0
BRDA:135,3,1,0
BRDA:135,4,0,0
BRDA:135,4,1,0
BRDA:135,4,2,0
BRDA:149,5,0,0
BRDA:149,5,1,0
BRDA:154,6,0,0
BRDA:154,6,1,0
BRDA:159,7,0,0
BRDA:159,7,1,0
BRDA:164,8,0,0
BRDA:164,8,1,0
BRDA:165,9,0,0
BRDA:165,9,1,0
BRDA:166,10,0,0
BRDA:166,10,1,0
BRDA:167,11,0,0
BRDA:167,11,1,0
BRDA:168,12,0,0
BRDA:168,12,1,0
BRDA:180,13,0,0
BRDA:180,13,1,0
BRDA:184,14,0,0
BRDA:184,14,1,0
BRDA:185,15,0,0
BRDA:185,15,1,0
BRDA:186,16,0,0
BRDA:186,16,1,0
BRDA:194,17,0,0
BRDA:194,17,1,0
BRDA:209,18,0,0
BRDA:209,18,1,0
BRDA:213,19,0,0
BRDA:213,19,1,0
BRDA:213,19,2,0
BRDA:220,20,0,0
BRDA:220,20,1,0
BRDA:224,21,0,0
BRDA:224,21,1,0
BRDA:224,21,2,0
BRDA:234,22,0,0
BRDA:241,23,0,0
BRDA:241,23,1,0
BRDA:246,24,0,0
BRDA:246,24,1,0
BRDA:272,25,0,0
BRDA:272,25,1,0
BRDA:272,25,2,0
BRDA:275,26,0,0
BRDA:275,26,1,0
BRDA:293,27,0,0
BRDA:293,27,1,0
BRDA:295,28,0,0
BRDA:295,28,1,0
BRDA:301,29,0,0
BRDA:301,29,1,0
BRF:62
BRH:0
end_of_record
TN:
SF:utils\telegramUtils.js
FN:1,(anonymous_0)
FN:1,(anonymous_1)
FN:3,(anonymous_2)
FNF:3
FNH:3
FNDA:6,(anonymous_0)
FNDA:6,(anonymous_1)
FNDA:12,(anonymous_2)
DA:1,6
DA:3,4
DA:4,12
DA:5,17
DA:6,17
DA:8,12
DA:10,12
DA:16,2
DA:19,10
DA:20,6
DA:21,6
DA:22,6
DA:23,6
DA:26,4
DA:27,4
DA:30,1
DA:33,4
LF:17
LH:17
BRDA:3,0,0,6
BRDA:8,1,0,12
BRDA:8,1,1,10
BRDA:10,2,0,2
BRDA:10,2,1,10
BRDA:11,3,0,12
BRDA:11,3,1,11
BRDA:11,3,2,10
BRDA:11,3,3,10
BRDA:19,4,0,6
BRDA:19,4,1,4
BRDA:19,5,0,10
BRDA:19,5,1,5
BRDA:20,6,0,6
BRDA:20,6,1,1
BRF:15
BRH:15
end_of_record
